#
# There is insufficient memory for the Java Runtime Environment to continue.
# Native memory allocation (mmap) failed to map 113246208 bytes for G1 virtual space
# Possible reasons:
#   The system is out of physical RAM or swap space
#   The process is running with CompressedOops enabled, and the Java Heap may be blocking the growth of the native heap
# Possible solutions:
#   Reduce memory load on the system
#   Increase physical memory or swap space
#   Check if swap backing store is full
#   Decrease Java heap size (-Xmx/-Xms)
#   Decrease number of Java threads
#   Decrease Java thread stack sizes (-Xss)
#   Set larger code cache with -XX:ReservedCodeCacheSize=
#   JVM is running with Unscaled Compressed Oops mode in which the Java heap is
#     placed in the first 4GB address space. The Java Heap base address is the
#     maximum limit for the native heap growth. Please use -XX:HeapBaseMinAddress
#     to set the Java Heap base and to place the Java Heap above 4GB virtual address.
# This output file may be truncated or incomplete.
#
#  Out of Memory Error (os_windows.cpp:3536), pid=12736, tid=15176
#
# JRE version: Java(TM) SE Runtime Environment (19.0.2+7) (build 19.0.2+7-44)
# Java VM: Java HotSpot(TM) 64-Bit Server VM (19.0.2+7-44, mixed mode, sharing, tiered, compressed oops, compressed class ptrs, g1 gc, windows-amd64)
# No core dump will be written. Minidumps are not enabled by default on client versions of Windows
#

---------------  S U M M A R Y ------------

Command Line: -agentlib:jdwp=transport=dt_socket,address=127.0.0.1:56270,suspend=y,server=n -javaagent:C:\Users\Admin\AppData\Local\JetBrains\IdeaIC2023.1\captureAgent\debugger-agent.jar=file:/C:/Users/Admin/AppData/Local/Temp/capture.props -Dfile.encoding=UTF-8 -Dsun.stdout.encoding=UTF-8 -Dsun.stderr.encoding=UTF-8 com.example.greenproject.GreenProjectApplication

Host: Intel(R) Core(TM) i3-10110U CPU @ 2.10GHz, 4 cores, 3G,  Windows 11 , 64 bit Build 22621 (10.0.22621.4391)
Time: Fri Nov 22 16:13:02 2024 SE Asia Standard Time elapsed time: 41.605659 seconds (0d 0h 0m 41s)

---------------  T H R E A D  ---------------

Current thread (0x0000026acb8082d0):  VMThread "VM Thread" [stack: 0x000000ad1d400000,0x000000ad1d500000] [id=15176]

Stack: [0x000000ad1d400000,0x000000ad1d500000]
Native frames: (J=compiled Java code, j=interpreted, Vv=VM code, C=native code)
V  [jvm.dll+0x6ee21a]
V  [jvm.dll+0x85765e]
V  [jvm.dll+0x85904e]
V  [jvm.dll+0x859703]
V  [jvm.dll+0x28298f]
V  [jvm.dll+0x6eb009]
V  [jvm.dll+0x6dfbaa]
V  [jvm.dll+0x3573f6]
V  [jvm.dll+0x35ee56]
V  [jvm.dll+0x3b541e]
V  [jvm.dll+0x3b564f]
V  [jvm.dll+0x32c9ea]
V  [jvm.dll+0x32ca97]
V  [jvm.dll+0x374cd2]
V  [jvm.dll+0x37340f]
V  [jvm.dll+0x32c210]
V  [jvm.dll+0x3729ab]
V  [jvm.dll+0x85ebc3]
V  [jvm.dll+0x85f989]
V  [jvm.dll+0x85febd]
V  [jvm.dll+0x86034b]
V  [jvm.dll+0x860407]
V  [jvm.dll+0x80125a]
V  [jvm.dll+0x6ecf0b]
C  [ucrtbase.dll+0x29333]
C  [KERNEL32.DLL+0x1259d]
C  [ntdll.dll+0x5af38]

VM_Operation (0x000000ad1cef7740): G1CollectForAllocation, mode: safepoint, requested by thread 0x0000026aaffc5b90


---------------  P R O C E S S  ---------------

Threads class SMR info:
_java_thread_list=0x0000026ad14ce390, length=20, elements={
0x0000026aaffc5b90, 0x0000026acb81e980, 0x0000026acb81f910, 0x0000026acb8208a0,
0x0000026acb8242f0, 0x0000026acb824c20, 0x0000026acb825550, 0x0000026acb8261b0,
0x0000026acb8900b0, 0x0000026acb895a60, 0x0000026acb7f56d0, 0x0000026acfd02ce0,
0x0000026acfdae0b0, 0x0000026acfdae600, 0x0000026acfd53610, 0x0000026ad37eea10,
0x0000026ad1d0ba50, 0x0000026ad3b19940, 0x0000026ad1278750, 0x0000026ad29b46a0
}

Java Threads: ( => current thread )
  0x0000026aaffc5b90 JavaThread "main" [_thread_blocked, id=15212, stack(0x000000ad1ce00000,0x000000ad1cf00000)]
  0x0000026acb81e980 JavaThread "Reference Handler" daemon [_thread_blocked, id=3184, stack(0x000000ad1d500000,0x000000ad1d600000)]
  0x0000026acb81f910 JavaThread "Finalizer" daemon [_thread_blocked, id=3144, stack(0x000000ad1d600000,0x000000ad1d700000)]
  0x0000026acb8208a0 JavaThread "Signal Dispatcher" daemon [_thread_blocked, id=13604, stack(0x000000ad1d700000,0x000000ad1d800000)]
  0x0000026acb8242f0 JavaThread "Attach Listener" daemon [_thread_blocked, id=13464, stack(0x000000ad1d800000,0x000000ad1d900000)]
  0x0000026acb824c20 JavaThread "Service Thread" daemon [_thread_blocked, id=2604, stack(0x000000ad1d900000,0x000000ad1da00000)]
  0x0000026acb825550 JavaThread "Monitor Deflation Thread" daemon [_thread_blocked, id=9448, stack(0x000000ad1da00000,0x000000ad1db00000)]
  0x0000026acb8261b0 JavaThread "C2 CompilerThread0" daemon [_thread_blocked, id=2436, stack(0x000000ad1db00000,0x000000ad1dc00000)]
  0x0000026acb8900b0 JavaThread "C1 CompilerThread0" daemon [_thread_blocked, id=15276, stack(0x000000ad1dc00000,0x000000ad1dd00000)]
  0x0000026acb895a60 JavaThread "Sweeper thread" daemon [_thread_blocked, id=8828, stack(0x000000ad1dd00000,0x000000ad1de00000)]
  0x0000026acb7f56d0 JavaThread "Common-Cleaner" daemon [_thread_blocked, id=12848, stack(0x000000ad1de00000,0x000000ad1df00000)]
  0x0000026acfd02ce0 JavaThread "JDWP Transport Listener: dt_socket" daemon [_thread_blocked, id=8224, stack(0x000000ad1df00000,0x000000ad1e000000)]
  0x0000026acfdae0b0 JavaThread "JDWP Event Helper Thread" daemon [_thread_blocked, id=3484, stack(0x000000ad1e000000,0x000000ad1e100000)]
  0x0000026acfdae600 JavaThread "JDWP Command Reader" daemon [_thread_in_native, id=12332, stack(0x000000ad1e100000,0x000000ad1e200000)]
  0x0000026acfd53610 JavaThread "Notification Thread" daemon [_thread_blocked, id=9228, stack(0x000000ad1e200000,0x000000ad1e300000)]
  0x0000026ad37eea10 JavaThread "Catalina-utility-1" [_thread_blocked, id=13236, stack(0x000000ad1e700000,0x000000ad1e800000)]
  0x0000026ad1d0ba50 JavaThread "Catalina-utility-2" [_thread_blocked, id=7996, stack(0x000000ad1e800000,0x000000ad1e900000)]
  0x0000026ad3b19940 JavaThread "container-0" [_thread_blocked, id=4148, stack(0x000000ad1e900000,0x000000ad1ea00000)]
  0x0000026ad1278750 JavaThread "mysql-cj-abandoned-connection-cleanup" daemon [_thread_blocked, id=900, stack(0x000000ad1ea00000,0x000000ad1eb00000)]
  0x0000026ad29b46a0 JavaThread "HikariPool-1 housekeeper" daemon [_thread_blocked, id=3744, stack(0x000000ad1ec00000,0x000000ad1ed00000)]

Other Threads:
=>0x0000026acb8082d0 VMThread "VM Thread" [stack: 0x000000ad1d400000,0x000000ad1d500000] [id=15176]
  0x0000026acfd5b3a0 WatcherThread "VM Periodic Task Thread" [stack: 0x000000ad1e300000,0x000000ad1e400000] [id=3720]
  0x0000026ab0005870 WorkerThread "GC Thread#0" [stack: 0x000000ad1cf00000,0x000000ad1d000000] [id=14080]
  0x0000026ad0210390 WorkerThread "GC Thread#1" [stack: 0x000000ad1e400000,0x000000ad1e500000] [id=5464]
  0x0000026ad0403ba0 WorkerThread "GC Thread#2" [stack: 0x000000ad1e500000,0x000000ad1e600000] [id=7036]
  0x0000026ad0403e70 WorkerThread "GC Thread#3" [stack: 0x000000ad1e600000,0x000000ad1e700000] [id=11488]
  0x0000026ab000f1b0 ConcurrentGCThread "G1 Main Marker" [stack: 0x000000ad1d000000,0x000000ad1d100000] [id=13676]
  0x0000026ab000fbe0 WorkerThread "G1 Conc#0" [stack: 0x000000ad1d100000,0x000000ad1d200000] [id=14564]
  0x0000026ab0061630 ConcurrentGCThread "G1 Refine#0" [stack: 0x000000ad1d200000,0x000000ad1d300000] [id=6332]
  0x0000026ab0062310 ConcurrentGCThread "G1 Service" [stack: 0x000000ad1d300000,0x000000ad1d400000] [id=10568]

Threads with active compile tasks:
C2 CompilerThread0    41676 8418       4       org.antlr.v4.runtime.atn.PredictionContext::mergeSingletons (392 bytes)

VM state: at safepoint (normal execution)

VM Mutex/Monitor currently owned by a thread:  ([mutex/lock_event])
[0x0000026aaffbf420] Threads_lock - owner thread: 0x0000026acb8082d0
[0x0000026aaffbfd20] Heap_lock - owner thread: 0x0000026aaffc5b90

Heap address: 0x00000000c2a00000, size: 982 MB, Compressed Oops mode: 32-bit

CDS archive(s) mapped at: [0x0000000800000000-0x0000000800c40000-0x0000000800c40000), size 12845056, SharedBaseAddress: 0x0000000800000000, ArchiveRelocationMode: 0.
Compressed class space mapped at: 0x0000000801000000-0x0000000841000000, reserved size: 1073741824
Narrow klass base: 0x0000000800000000, Narrow klass shift: 0, Narrow klass range: 0x100000000

GC Precious Log:
 CardTable entry size: 512
 Card Set container configuration: InlinePtr #cards 5 size 8 Array Of Cards #cards 12 size 40 Howl #buckets 4 coarsen threshold 1843 Howl Bitmap #cards 512 size 80 coarsen threshold 460 Card regions per heap region 1 cards per card region 2048
 CPUs: 4 total, 4 available
 Memory: 3927M
 Large Page Support: Disabled
 NUMA Support: Disabled
 Compressed Oops: Enabled (32-bit)
 Heap Region Size: 1M
 Heap Min Capacity: 8M
 Heap Initial Capacity: 62M
 Heap Max Capacity: 982M
 Pre-touch: Disabled
 Parallel Workers: 4
 Concurrent Workers: 1
 Concurrent Refinement Workers: 4
 Periodic GC: Disabled

Heap:
 garbage-first heap   total 81920K, used 38439K [0x00000000c2a00000, 0x0000000100000000)
  region size 1024K, 1 young (1024K), 1 survivors (1024K)
 Metaspace       used 76212K, committed 76864K, reserved 1179648K
  class space    used 9997K, committed 10304K, reserved 1048576K

Heap Regions: E=young(eden), S=young(survivor), O=old, HS=humongous(starts), HC=humongous(continues), CS=collection set, F=free, OA=open archive, CA=closed archive, TAMS=top-at-mark-start (previous, next)
|   0|0x00000000c2a00000, 0x00000000c2b00000, 0x00000000c2b00000|100%|HS|  |TAMS 0x00000000c2b00000, 0x00000000c2a00000| Complete 
|   1|0x00000000c2b00000, 0x00000000c2c00000, 0x00000000c2c00000|100%| O|  |TAMS 0x00000000c2c00000, 0x00000000c2b00000| Untracked 
|   2|0x00000000c2c00000, 0x00000000c2d00000, 0x00000000c2d00000|100%| O|  |TAMS 0x00000000c2d00000, 0x00000000c2c00000| Untracked 
|   3|0x00000000c2d00000, 0x00000000c2e00000, 0x00000000c2e00000|100%| O|  |TAMS 0x00000000c2e00000, 0x00000000c2d00000| Untracked 
|   4|0x00000000c2e00000, 0x00000000c2f00000, 0x00000000c2f00000|100%| O|  |TAMS 0x00000000c2f00000, 0x00000000c2e00000| Untracked 
|   5|0x00000000c2f00000, 0x00000000c3000000, 0x00000000c3000000|100%| O|  |TAMS 0x00000000c3000000, 0x00000000c2f00000| Untracked 
|   6|0x00000000c3000000, 0x00000000c3100000, 0x00000000c3100000|100%| O|  |TAMS 0x00000000c3100000, 0x00000000c3000000| Untracked 
|   7|0x00000000c3100000, 0x00000000c3200000, 0x00000000c3200000|100%| O|  |TAMS 0x00000000c3200000, 0x00000000c3100000| Untracked 
|   8|0x00000000c3200000, 0x00000000c3300000, 0x00000000c3300000|100%| O|  |TAMS 0x00000000c3300000, 0x00000000c3200000| Untracked 
|   9|0x00000000c3300000, 0x00000000c3400000, 0x00000000c3400000|100%| O|  |TAMS 0x00000000c3400000, 0x00000000c3300000| Untracked 
|  10|0x00000000c3400000, 0x00000000c3500000, 0x00000000c3500000|100%| O|  |TAMS 0x00000000c3500000, 0x00000000c3400000| Untracked 
|  11|0x00000000c3500000, 0x00000000c3600000, 0x00000000c3600000|100%| O|  |TAMS 0x00000000c3600000, 0x00000000c3500000| Untracked 
|  12|0x00000000c3600000, 0x00000000c3700000, 0x00000000c3700000|100%| O|  |TAMS 0x00000000c3700000, 0x00000000c3600000| Untracked 
|  13|0x00000000c3700000, 0x00000000c3800000, 0x00000000c3800000|100%| O|  |TAMS 0x00000000c3800000, 0x00000000c3700000| Untracked 
|  14|0x00000000c3800000, 0x00000000c3900000, 0x00000000c3900000|100%| O|  |TAMS 0x00000000c3900000, 0x00000000c3800000| Untracked 
|  15|0x00000000c3900000, 0x00000000c3a00000, 0x00000000c3a00000|100%| O|  |TAMS 0x00000000c3a00000, 0x00000000c3900000| Untracked 
|  16|0x00000000c3a00000, 0x00000000c3b00000, 0x00000000c3b00000|100%| O|  |TAMS 0x00000000c3b00000, 0x00000000c3a00000| Untracked 
|  17|0x00000000c3b00000, 0x00000000c3c00000, 0x00000000c3c00000|100%| O|  |TAMS 0x00000000c3c00000, 0x00000000c3b00000| Untracked 
|  18|0x00000000c3c00000, 0x00000000c3d00000, 0x00000000c3d00000|100%| O|  |TAMS 0x00000000c3d00000, 0x00000000c3c00000| Untracked 
|  19|0x00000000c3d00000, 0x00000000c3e00000, 0x00000000c3e00000|100%| O|  |TAMS 0x00000000c3e00000, 0x00000000c3d00000| Untracked 
|  20|0x00000000c3e00000, 0x00000000c3f00000, 0x00000000c3f00000|100%| O|  |TAMS 0x00000000c3f00000, 0x00000000c3e00000| Untracked 
|  21|0x00000000c3f00000, 0x00000000c3f00000, 0x00000000c4000000|  0%| F|  |TAMS 0x00000000c3f00000, 0x00000000c3f00000| Untracked 
|  22|0x00000000c4000000, 0x00000000c4100000, 0x00000000c4100000|100%| O|  |TAMS 0x00000000c4100000, 0x00000000c4000000| Untracked 
|  23|0x00000000c4100000, 0x00000000c4200000, 0x00000000c4200000|100%| O|  |TAMS 0x00000000c4200000, 0x00000000c4100000| Untracked 
|  24|0x00000000c4200000, 0x00000000c4300000, 0x00000000c4300000|100%| O|  |TAMS 0x00000000c4300000, 0x00000000c4200000| Untracked 
|  25|0x00000000c4300000, 0x00000000c4400000, 0x00000000c4400000|100%| O|  |TAMS 0x00000000c4400000, 0x00000000c4300000| Untracked 
|  26|0x00000000c4400000, 0x00000000c4500000, 0x00000000c4500000|100%| O|  |TAMS 0x00000000c4500000, 0x00000000c4400000| Untracked 
|  27|0x00000000c4500000, 0x00000000c4600000, 0x00000000c4600000|100%| O|  |TAMS 0x00000000c45c4c00, 0x00000000c4500000| Untracked 
|  28|0x00000000c4600000, 0x00000000c4700000, 0x00000000c4700000|100%| O|  |TAMS 0x00000000c4700000, 0x00000000c4600000| Untracked 
|  29|0x00000000c4700000, 0x00000000c4800000, 0x00000000c4800000|100%| O|  |TAMS 0x00000000c4800000, 0x00000000c4700000| Untracked 
|  30|0x00000000c4800000, 0x00000000c4900000, 0x00000000c4900000|100%| O|  |TAMS 0x00000000c4900000, 0x00000000c4800000| Untracked 
|  31|0x00000000c4900000, 0x00000000c4a00000, 0x00000000c4a00000|100%| O|  |TAMS 0x00000000c4a00000, 0x00000000c4900000| Untracked 
|  32|0x00000000c4a00000, 0x00000000c4b00000, 0x00000000c4b00000|100%| O|  |TAMS 0x00000000c4a00000, 0x00000000c4a00000| Untracked 
|  33|0x00000000c4b00000, 0x00000000c4c00000, 0x00000000c4c00000|100%| O|  |TAMS 0x00000000c4b00000, 0x00000000c4b00000| Untracked 
|  34|0x00000000c4c00000, 0x00000000c4d00000, 0x00000000c4d00000|100%| O|  |TAMS 0x00000000c4c00000, 0x00000000c4c00000| Untracked 
|  35|0x00000000c4d00000, 0x00000000c4e00000, 0x00000000c4e00000|100%| O|  |TAMS 0x00000000c4d00000, 0x00000000c4d00000| Untracked 
|  36|0x00000000c4e00000, 0x00000000c4f00000, 0x00000000c4f00000|100%| O|  |TAMS 0x00000000c4e00000, 0x00000000c4e00000| Untracked 
|  37|0x00000000c4f00000, 0x00000000c5000000, 0x00000000c5000000|100%| O|  |TAMS 0x00000000c4f00000, 0x00000000c4f00000| Untracked 
|  38|0x00000000c5000000, 0x00000000c5000000, 0x00000000c5100000|  0%| F|  |TAMS 0x00000000c5000000, 0x00000000c5000000| Untracked 
|  39|0x00000000c5100000, 0x00000000c5100000, 0x00000000c5200000|  0%| F|  |TAMS 0x00000000c5100000, 0x00000000c5100000| Untracked 
|  40|0x00000000c5200000, 0x00000000c5200000, 0x00000000c5300000|  0%| F|  |TAMS 0x00000000c5200000, 0x00000000c5200000| Untracked 
|  41|0x00000000c5300000, 0x00000000c5300000, 0x00000000c5400000|  0%| F|  |TAMS 0x00000000c5300000, 0x00000000c5300000| Untracked 
|  42|0x00000000c5400000, 0x00000000c5400000, 0x00000000c5500000|  0%| F|  |TAMS 0x00000000c5400000, 0x00000000c5400000| Untracked 
|  43|0x00000000c5500000, 0x00000000c5500000, 0x00000000c5600000|  0%| F|  |TAMS 0x00000000c5500000, 0x00000000c5500000| Untracked 
|  44|0x00000000c5600000, 0x00000000c5600000, 0x00000000c5700000|  0%| F|  |TAMS 0x00000000c5600000, 0x00000000c5600000| Untracked 
|  45|0x00000000c5700000, 0x00000000c5700000, 0x00000000c5800000|  0%| F|  |TAMS 0x00000000c5700000, 0x00000000c5700000| Untracked 
|  46|0x00000000c5800000, 0x00000000c5800000, 0x00000000c5900000|  0%| F|  |TAMS 0x00000000c5800000, 0x00000000c5800000| Untracked 
|  47|0x00000000c5900000, 0x00000000c5900000, 0x00000000c5a00000|  0%| F|  |TAMS 0x00000000c5900000, 0x00000000c5900000| Untracked 
|  48|0x00000000c5a00000, 0x00000000c5a00000, 0x00000000c5b00000|  0%| F|  |TAMS 0x00000000c5a00000, 0x00000000c5a00000| Untracked 
|  49|0x00000000c5b00000, 0x00000000c5b00000, 0x00000000c5c00000|  0%| F|  |TAMS 0x00000000c5b00000, 0x00000000c5b00000| Untracked 
|  50|0x00000000c5c00000, 0x00000000c5c00000, 0x00000000c5d00000|  0%| F|  |TAMS 0x00000000c5c00000, 0x00000000c5c00000| Untracked 
|  51|0x00000000c5d00000, 0x00000000c5d00000, 0x00000000c5e00000|  0%| F|  |TAMS 0x00000000c5d00000, 0x00000000c5d00000| Untracked 
|  52|0x00000000c5e00000, 0x00000000c5e00000, 0x00000000c5f00000|  0%| F|  |TAMS 0x00000000c5e00000, 0x00000000c5e00000| Untracked 
|  53|0x00000000c5f00000, 0x00000000c5f00000, 0x00000000c6000000|  0%| F|  |TAMS 0x00000000c5f00000, 0x00000000c5f00000| Untracked 
|  54|0x00000000c6000000, 0x00000000c6000000, 0x00000000c6100000|  0%| F|  |TAMS 0x00000000c6000000, 0x00000000c6000000| Untracked 
|  55|0x00000000c6100000, 0x00000000c6100000, 0x00000000c6200000|  0%| F|  |TAMS 0x00000000c6100000, 0x00000000c6100000| Untracked 
|  56|0x00000000c6200000, 0x00000000c6200000, 0x00000000c6300000|  0%| F|  |TAMS 0x00000000c6200000, 0x00000000c6200000| Untracked 
|  57|0x00000000c6300000, 0x00000000c6300000, 0x00000000c6400000|  0%| F|  |TAMS 0x00000000c6300000, 0x00000000c6300000| Untracked 
|  58|0x00000000c6400000, 0x00000000c6400000, 0x00000000c6500000|  0%| F|  |TAMS 0x00000000c6400000, 0x00000000c6400000| Untracked 
|  59|0x00000000c6500000, 0x00000000c6500000, 0x00000000c6600000|  0%| F|  |TAMS 0x00000000c6500000, 0x00000000c6500000| Untracked 
|  60|0x00000000c6600000, 0x00000000c6600000, 0x00000000c6700000|  0%| F|  |TAMS 0x00000000c6600000, 0x00000000c6600000| Untracked 
|  61|0x00000000c6700000, 0x00000000c6700000, 0x00000000c6800000|  0%| F|  |TAMS 0x00000000c6700000, 0x00000000c6700000| Untracked 
|  62|0x00000000c6800000, 0x00000000c6800000, 0x00000000c6900000|  0%| F|  |TAMS 0x00000000c6800000, 0x00000000c6800000| Untracked 
|  63|0x00000000c6900000, 0x00000000c6900000, 0x00000000c6a00000|  0%| F|  |TAMS 0x00000000c6900000, 0x00000000c6900000| Untracked 
|  64|0x00000000c6a00000, 0x00000000c6a00000, 0x00000000c6b00000|  0%| F|  |TAMS 0x00000000c6a00000, 0x00000000c6a00000| Untracked 
|  65|0x00000000c6b00000, 0x00000000c6b00000, 0x00000000c6c00000|  0%| F|  |TAMS 0x00000000c6b00000, 0x00000000c6b00000| Untracked 
|  66|0x00000000c6c00000, 0x00000000c6c00000, 0x00000000c6d00000|  0%| F|  |TAMS 0x00000000c6c00000, 0x00000000c6c00000| Untracked 
|  67|0x00000000c6d00000, 0x00000000c6d00000, 0x00000000c6e00000|  0%| F|  |TAMS 0x00000000c6d00000, 0x00000000c6d00000| Untracked 
|  68|0x00000000c6e00000, 0x00000000c6e00000, 0x00000000c6f00000|  0%| F|  |TAMS 0x00000000c6e00000, 0x00000000c6e00000| Untracked 
|  69|0x00000000c6f00000, 0x00000000c6f00000, 0x00000000c7000000|  0%| F|  |TAMS 0x00000000c6f00000, 0x00000000c6f00000| Untracked 
|  70|0x00000000c7000000, 0x00000000c7000000, 0x00000000c7100000|  0%| F|  |TAMS 0x00000000c7000000, 0x00000000c7000000| Untracked 
|  71|0x00000000c7100000, 0x00000000c7100000, 0x00000000c7200000|  0%| F|  |TAMS 0x00000000c7100000, 0x00000000c7100000| Untracked 
|  72|0x00000000c7200000, 0x00000000c7200000, 0x00000000c7300000|  0%| F|  |TAMS 0x00000000c7200000, 0x00000000c7200000| Untracked 
|  73|0x00000000c7300000, 0x00000000c7300000, 0x00000000c7400000|  0%| F|  |TAMS 0x00000000c7300000, 0x00000000c7300000| Untracked 
|  74|0x00000000c7400000, 0x00000000c7400000, 0x00000000c7500000|  0%| F|  |TAMS 0x00000000c7400000, 0x00000000c7400000| Untracked 
|  75|0x00000000c7500000, 0x00000000c7589ef0, 0x00000000c7600000| 53%| S|CS|TAMS 0x00000000c7500000, 0x00000000c7500000| Complete 
|  76|0x00000000c7600000, 0x00000000c7600000, 0x00000000c7700000|  0%| F|  |TAMS 0x00000000c7600000, 0x00000000c7600000| Untracked 
|  77|0x00000000c7700000, 0x00000000c7700000, 0x00000000c7800000|  0%| F|  |TAMS 0x00000000c7700000, 0x00000000c7700000| Untracked 
|  78|0x00000000c7800000, 0x00000000c7800000, 0x00000000c7900000|  0%| F|  |TAMS 0x00000000c7800000, 0x00000000c7800000| Untracked 
|  79|0x00000000c7900000, 0x00000000c7900000, 0x00000000c7a00000|  0%| F|  |TAMS 0x00000000c7900000, 0x00000000c7900000| Untracked 

Card table byte_map: [0x0000026ac7100000,0x0000026ac72f0000] _byte_map_base: 0x0000026ac6aeb000

Marking Bits (Prev, Next): (CMBitMap*) 0x0000026ab0006e00, (CMBitMap*) 0x0000026ab0006dc0
 Prev Bits: [0x0000026ac8440000, 0x0000026ac9398000)
 Next Bits: [0x0000026ac74e0000, 0x0000026ac8438000)

Polling page: 0x0000026aae140000

Metaspace:

Usage:
  Non-class:     64.66 MB used.
      Class:      9.76 MB used.
       Both:     74.43 MB used.

Virtual space:
  Non-class space:      128.00 MB reserved,      65.00 MB ( 51%) committed,  2 nodes.
      Class space:        1.00 GB reserved,      10.06 MB ( <1%) committed,  1 nodes.
             Both:        1.12 GB reserved,      75.06 MB (  7%) committed. 

Chunk freelists:
   Non-Class:  2.77 MB
       Class:  1.78 MB
        Both:  4.55 MB

MaxMetaspaceSize: unlimited
CompressedClassSpaceSize: 1.00 GB
Initial GC threshold: 21.00 MB
Current GC threshold: 124.00 MB
CDS: on
MetaspaceReclaimPolicy: balanced
 - commit_granule_bytes: 65536.
 - commit_granule_words: 8192.
 - virtual_space_node_default_size: 8388608.
 - enlarge_chunks_in_place: 1.
 - new_chunks_are_fully_committed: 0.
 - uncommit_free_chunks: 1.
 - use_allocation_guard: 0.


Internal statistics:

num_allocs_failed_limit: 9.
num_arena_births: 966.
num_arena_deaths: 0.
num_vsnodes_births: 3.
num_vsnodes_deaths: 0.
num_space_committed: 1201.
num_space_uncommitted: 0.
num_chunks_returned_to_freelist: 9.
num_chunks_taken_from_freelist: 3502.
num_chunk_merges: 6.
num_chunk_splits: 2634.
num_chunks_enlarged: 2191.
num_inconsistent_stats: 0.

CodeHeap 'non-profiled nmethods': size=120000Kb used=4276Kb max_used=4276Kb free=115723Kb
 bounds [0x0000026abf9e0000, 0x0000026abfe10000, 0x0000026ac6f10000]
CodeHeap 'profiled nmethods': size=120000Kb used=15024Kb max_used=15024Kb free=104975Kb
 bounds [0x0000026ab7f10000, 0x0000026ab8dc0000, 0x0000026abf440000]
CodeHeap 'non-nmethods': size=5760Kb used=1546Kb max_used=1606Kb free=4213Kb
 bounds [0x0000026abf440000, 0x0000026abf6b0000, 0x0000026abf9e0000]
 total_blobs=8344 nmethods=7605 adapters=648
 compilation: enabled
              stopped_count=0, restarted_count=0
 full_count=0

Compilation events (20 events):
Event: 41.472 Thread 0x0000026acb8261b0 8390       4       org.antlr.v4.runtime.atn.ATNConfigSet$ConfigEqualityComparator::hashCode (9 bytes)
Event: 41.472 Thread 0x0000026acb8900b0 nmethod 8511 0x0000026ab8dbd510 code [0x0000026ab8dbd6a0, 0x0000026ab8dbd858]
Event: 41.474 Thread 0x0000026acb8261b0 nmethod 8390 0x0000026abfe08590 code [0x0000026abfe08740, 0x0000026abfe08908]
Event: 41.474 Thread 0x0000026acb8261b0 8407       4       org.antlr.v4.runtime.atn.ATNConfigSet$ConfigEqualityComparator::equals (13 bytes)
Event: 41.477 Thread 0x0000026acb8261b0 nmethod 8407 0x0000026abfe08a90 code [0x0000026abfe08c40, 0x0000026abfe08e98]
Event: 41.477 Thread 0x0000026acb8261b0 8409       4       org.antlr.v4.runtime.atn.ATNConfigSet$ConfigEqualityComparator::equals (65 bytes)
Event: 41.479 Thread 0x0000026acb8261b0 nmethod 8409 0x0000026abfe09110 code [0x0000026abfe092a0, 0x0000026abfe09478]
Event: 41.479 Thread 0x0000026acb8261b0 8220       4       java.util.concurrent.atomic.AtomicInteger::getAndIncrement (12 bytes)
Event: 41.479 Thread 0x0000026acb8261b0 nmethod 8220 0x0000026abfe09690 code [0x0000026abfe09800, 0x0000026abfe09878]
Event: 41.479 Thread 0x0000026acb8261b0 8410       4       org.antlr.v4.runtime.atn.PredictionContext::merge (139 bytes)
Event: 41.508 Thread 0x0000026acb8261b0 nmethod 8410 0x0000026abfe09990 code [0x0000026abfe09be0, 0x0000026abfe0ae08]
Event: 41.508 Thread 0x0000026acb8261b0 8413       4       org.antlr.v4.runtime.atn.ATNConfigSet::add (142 bytes)
Event: 41.513 Thread 0x0000026acb8261b0 nmethod 8413 0x0000026abfe0b890 code [0x0000026abfe0ba60, 0x0000026abfe0be40]
Event: 41.513 Thread 0x0000026acb8261b0 8327       4       org.antlr.v4.runtime.atn.ATNConfig::<init> (37 bytes)
Event: 41.517 Thread 0x0000026acb8261b0 nmethod 8327 0x0000026abfe0c190 code [0x0000026abfe0c320, 0x0000026abfe0c698]
Event: 41.517 Thread 0x0000026acb8261b0 8415       4       org.antlr.v4.runtime.atn.SingletonPredictionContext::<init> (49 bytes)
Event: 41.520 Thread 0x0000026acb8261b0 nmethod 8415 0x0000026abfe0c790 code [0x0000026abfe0c920, 0x0000026abfe0cb68]
Event: 41.520 Thread 0x0000026acb8261b0 8423       4       java.util.LinkedList$ListItr::<init> (47 bytes)
Event: 41.525 Thread 0x0000026acb8261b0 nmethod 8423 0x0000026abfe0cc90 code [0x0000026abfe0ce20, 0x0000026abfe0d158]
Event: 41.525 Thread 0x0000026acb8261b0 8418       4       org.antlr.v4.runtime.atn.PredictionContext::mergeSingletons (392 bytes)

GC Heap History (20 events):
Event: 20.274 GC heap after
{Heap after GC invocations=20 (full 0):
 garbage-first heap   total 61440K, used 29315K [0x00000000c2a00000, 0x0000000100000000)
  region size 1024K, 1 young (1024K), 1 survivors (1024K)
 Metaspace       used 59594K, committed 60160K, reserved 1114112K
  class space    used 7465K, committed 7744K, reserved 1048576K
}
Event: 21.915 GC heap before
{Heap before GC invocations=21 (full 0):
 garbage-first heap   total 61440K, used 48771K [0x00000000c2a00000, 0x0000000100000000)
  region size 1024K, 21 young (21504K), 1 survivors (1024K)
 Metaspace       used 64978K, committed 65600K, reserved 1114112K
  class space    used 8392K, committed 8704K, reserved 1048576K
}
Event: 21.919 GC heap after
{Heap after GC invocations=22 (full 0):
 garbage-first heap   total 61440K, used 30113K [0x00000000c2a00000, 0x0000000100000000)
  region size 1024K, 2 young (2048K), 2 survivors (2048K)
 Metaspace       used 64978K, committed 65600K, reserved 1114112K
  class space    used 8392K, committed 8704K, reserved 1048576K
}
Event: 21.953 GC heap before
{Heap before GC invocations=22 (full 0):
 garbage-first heap   total 61440K, used 31137K [0x00000000c2a00000, 0x0000000100000000)
  region size 1024K, 3 young (3072K), 2 survivors (2048K)
 Metaspace       used 65143K, committed 65728K, reserved 1114112K
  class space    used 8407K, committed 8704K, reserved 1048576K
}
Event: 21.963 GC heap after
{Heap after GC invocations=23 (full 0):
 garbage-first heap   total 61440K, used 30014K [0x00000000c2a00000, 0x0000000100000000)
  region size 1024K, 1 young (1024K), 1 survivors (1024K)
 Metaspace       used 65143K, committed 65728K, reserved 1114112K
  class space    used 8407K, committed 8704K, reserved 1048576K
}
Event: 25.668 GC heap before
{Heap before GC invocations=23 (full 0):
 garbage-first heap   total 61440K, used 50494K [0x00000000c2a00000, 0x0000000100000000)
  region size 1024K, 21 young (21504K), 1 survivors (1024K)
 Metaspace       used 66104K, committed 66688K, reserved 1114112K
  class space    used 8485K, committed 8768K, reserved 1048576K
}
Event: 25.671 GC heap after
{Heap after GC invocations=24 (full 0):
 garbage-first heap   total 61440K, used 30331K [0x00000000c2a00000, 0x0000000100000000)
  region size 1024K, 1 young (1024K), 1 survivors (1024K)
 Metaspace       used 66104K, committed 66688K, reserved 1114112K
  class space    used 8485K, committed 8768K, reserved 1048576K
}
Event: 29.740 GC heap before
{Heap before GC invocations=25 (full 0):
 garbage-first heap   total 61440K, used 50811K [0x00000000c2a00000, 0x0000000100000000)
  region size 1024K, 21 young (21504K), 1 survivors (1024K)
 Metaspace       used 69798K, committed 70464K, reserved 1114112K
  class space    used 9046K, committed 9344K, reserved 1048576K
}
Event: 29.752 GC heap after
{Heap after GC invocations=26 (full 0):
 garbage-first heap   total 61440K, used 31356K [0x00000000c2a00000, 0x0000000100000000)
  region size 1024K, 2 young (2048K), 2 survivors (2048K)
 Metaspace       used 69798K, committed 70464K, reserved 1114112K
  class space    used 9046K, committed 9344K, reserved 1048576K
}
Event: 29.948 GC heap before
{Heap before GC invocations=26 (full 0):
 garbage-first heap   total 61440K, used 32380K [0x00000000c2a00000, 0x0000000100000000)
  region size 1024K, 3 young (3072K), 2 survivors (2048K)
 Metaspace       used 70028K, committed 70720K, reserved 1114112K
  class space    used 9076K, committed 9408K, reserved 1048576K
}
Event: 29.969 GC heap after
{Heap after GC invocations=27 (full 0):
 garbage-first heap   total 61440K, used 31204K [0x00000000c2a00000, 0x0000000100000000)
  region size 1024K, 1 young (1024K), 1 survivors (1024K)
 Metaspace       used 70028K, committed 70720K, reserved 1114112K
  class space    used 9076K, committed 9408K, reserved 1048576K
}
Event: 40.257 GC heap before
{Heap before GC invocations=27 (full 0):
 garbage-first heap   total 61440K, used 48612K [0x00000000c2a00000, 0x0000000100000000)
  region size 1024K, 19 young (19456K), 1 survivors (1024K)
 Metaspace       used 72622K, committed 73344K, reserved 1114112K
  class space    used 9348K, committed 9664K, reserved 1048576K
}
Event: 40.260 GC heap after
{Heap after GC invocations=28 (full 0):
 garbage-first heap   total 61440K, used 32584K [0x00000000c2a00000, 0x0000000100000000)
  region size 1024K, 2 young (2048K), 2 survivors (2048K)
 Metaspace       used 72622K, committed 73344K, reserved 1114112K
  class space    used 9348K, committed 9664K, reserved 1048576K
}
Event: 41.033 GC heap before
{Heap before GC invocations=28 (full 0):
 garbage-first heap   total 61440K, used 49992K [0x00000000c2a00000, 0x0000000100000000)
  region size 1024K, 19 young (19456K), 2 survivors (2048K)
 Metaspace       used 75086K, committed 75712K, reserved 1179648K
  class space    used 9776K, committed 10048K, reserved 1048576K
}
Event: 41.044 GC heap after
{Heap after GC invocations=29 (full 0):
 garbage-first heap   total 61440K, used 34111K [0x00000000c2a00000, 0x0000000100000000)
  region size 1024K, 2 young (2048K), 2 survivors (2048K)
 Metaspace       used 75086K, committed 75712K, reserved 1179648K
  class space    used 9776K, committed 10048K, reserved 1048576K
}
Event: 41.225 GC heap before
{Heap before GC invocations=29 (full 0):
 garbage-first heap   total 61440K, used 50495K [0x00000000c2a00000, 0x0000000100000000)
  region size 1024K, 18 young (18432K), 2 survivors (2048K)
 Metaspace       used 75117K, committed 75712K, reserved 1179648K
  class space    used 9777K, committed 10048K, reserved 1048576K
}
Event: 41.240 GC heap after
{Heap after GC invocations=30 (full 0):
 garbage-first heap   total 61440K, used 37355K [0x00000000c2a00000, 0x0000000100000000)
  region size 1024K, 3 young (3072K), 3 survivors (3072K)
 Metaspace       used 75117K, committed 75712K, reserved 1179648K
  class space    used 9777K, committed 10048K, reserved 1048576K
}
Event: 41.438 GC heap before
{Heap before GC invocations=31 (full 0):
 garbage-first heap   total 81920K, used 48619K [0x00000000c2a00000, 0x0000000100000000)
  region size 1024K, 15 young (15360K), 3 survivors (3072K)
 Metaspace       used 75546K, committed 76160K, reserved 1179648K
  class space    used 9827K, committed 10112K, reserved 1048576K
}
Event: 41.451 GC heap after
{Heap after GC invocations=32 (full 0):
 garbage-first heap   total 81920K, used 38385K [0x00000000c2a00000, 0x0000000100000000)
  region size 1024K, 1 young (1024K), 1 survivors (1024K)
 Metaspace       used 75546K, committed 76160K, reserved 1179648K
  class space    used 9827K, committed 10112K, reserved 1048576K
}
Event: 41.570 GC heap before
{Heap before GC invocations=32 (full 0):
 garbage-first heap   total 81920K, used 41457K [0x00000000c2a00000, 0x0000000100000000)
  region size 1024K, 4 young (4096K), 1 survivors (1024K)
 Metaspace       used 76212K, committed 76864K, reserved 1179648K
  class space    used 9997K, committed 10304K, reserved 1048576K
}

Dll operation events (13 events):
Event: 0.053 Loaded shared library C:\Program Files\Java\jdk-19\bin\java.dll
Event: 0.055 Loaded shared library C:\Program Files\Java\jdk-19\bin\zip.dll
Event: 0.092 Loaded shared library C:\Program Files\Java\jdk-19\bin\jsvml.dll
Event: 1.660 Loaded shared library C:\Program Files\Java\jdk-19\bin\instrument.dll
Event: 1.836 Loaded shared library C:\Program Files\Java\jdk-19\bin\net.dll
Event: 1.839 Loaded shared library C:\Program Files\Java\jdk-19\bin\nio.dll
Event: 1.909 Loaded shared library C:\Program Files\Java\jdk-19\bin\zip.dll
Event: 2.470 Loaded shared library C:\Program Files\Java\jdk-19\bin\jimage.dll
Event: 6.604 Loaded shared library C:\Program Files\Java\jdk-19\bin\sunmscapi.dll
Event: 11.394 Loaded shared library C:\Program Files\Java\jdk-19\bin\management.dll
Event: 11.399 Loaded shared library C:\Program Files\Java\jdk-19\bin\management_ext.dll
Event: 12.422 Loaded shared library C:\Program Files\Java\jdk-19\bin\verify.dll
Event: 13.671 Loaded shared library C:\Program Files\Java\jdk-19\bin\extnet.dll

Deoptimization events (20 events):
Event: 41.007 Thread 0x0000026aaffc5b90 Uncommon trap: trap_request=0xffffff45 fr.pc=0x0000026abfb13788 relative=0x0000000000000368
Event: 41.007 Thread 0x0000026aaffc5b90 Uncommon trap: reason=unstable_if action=reinterpret pc=0x0000026abfb13788 method=java.util.HashMap.getNode(Ljava/lang/Object;)Ljava/util/HashMap$Node; @ 131 c2
Event: 41.007 Thread 0x0000026aaffc5b90 DEOPT PACKING pc=0x0000026abfb13788 sp=0x000000ad1cef4350
Event: 41.007 Thread 0x0000026aaffc5b90 DEOPT UNPACKING pc=0x0000026abf4a6da3 sp=0x000000ad1cef42f0 mode 2
Event: 41.061 Thread 0x0000026aaffc5b90 Uncommon trap: trap_request=0xffffff45 fr.pc=0x0000026abfdef4b8 relative=0x0000000000000118
Event: 41.061 Thread 0x0000026aaffc5b90 Uncommon trap: reason=unstable_if action=reinterpret pc=0x0000026abfdef4b8 method=org.antlr.v4.runtime.atn.SingletonPredictionContext.equals(Ljava/lang/Object;)Z @ 11 c2
Event: 41.061 Thread 0x0000026aaffc5b90 DEOPT PACKING pc=0x0000026abfdef4b8 sp=0x000000ad1cefb4b0
Event: 41.062 Thread 0x0000026aaffc5b90 DEOPT UNPACKING pc=0x0000026abf4a6da3 sp=0x000000ad1cefb448 mode 2
Event: 41.280 Thread 0x0000026aaffc5b90 DEOPT PACKING pc=0x0000026ab8d79980 sp=0x000000ad1cefaa00
Event: 41.280 Thread 0x0000026aaffc5b90 DEOPT UNPACKING pc=0x0000026abf4a7543 sp=0x000000ad1cef9eb0 mode 0
Event: 41.341 Thread 0x0000026aaffc5b90 Uncommon trap: trap_request=0xffffff45 fr.pc=0x0000026abfd98b9c relative=0x00000000000009dc
Event: 41.341 Thread 0x0000026aaffc5b90 Uncommon trap: reason=unstable_if action=reinterpret pc=0x0000026abfd98b9c method=java.lang.String.<init>([BIILjava/nio/charset/Charset;)V @ 368 c2
Event: 41.341 Thread 0x0000026aaffc5b90 DEOPT PACKING pc=0x0000026abfd98b9c sp=0x000000ad1cefb940
Event: 41.341 Thread 0x0000026aaffc5b90 DEOPT UNPACKING pc=0x0000026abf4a6da3 sp=0x000000ad1cefb908 mode 2
Event: 41.413 Thread 0x0000026aaffc5b90 DEOPT PACKING pc=0x0000026ab872e5e4 sp=0x000000ad1cefc590
Event: 41.413 Thread 0x0000026aaffc5b90 DEOPT UNPACKING pc=0x0000026abf4a7543 sp=0x000000ad1cefbab0 mode 1
Event: 41.432 Thread 0x0000026aaffc5b90 DEOPT PACKING pc=0x0000026abfb77044 sp=0x000000ad1cefb270
Event: 41.432 Thread 0x0000026aaffc5b90 DEOPT UNPACKING pc=0x0000026abf4a7543 sp=0x000000ad1cefa680 mode 1
Event: 41.432 Thread 0x0000026aaffc5b90 DEOPT PACKING pc=0x0000026abfb77044 sp=0x000000ad1cefb270
Event: 41.432 Thread 0x0000026aaffc5b90 DEOPT UNPACKING pc=0x0000026abf4a7543 sp=0x000000ad1cefa680 mode 1

Classes loaded (20 events):
Event: 41.565 Loading class org/hibernate/grammars/hql/HqlParser$CteAttributesContext
Event: 41.565 Loading class org/hibernate/grammars/hql/HqlParser$CteAttributesContext done
Event: 41.565 Loading class org/hibernate/grammars/hql/HqlParser$SearchClauseContext
Event: 41.565 Loading class org/hibernate/grammars/hql/HqlParser$SearchClauseContext done
Event: 41.566 Loading class org/hibernate/grammars/hql/HqlParser$FromRootContext
Event: 41.566 Loading class org/hibernate/grammars/hql/HqlParser$FromRootContext done
Event: 41.566 Loading class org/hibernate/grammars/hql/HqlParser$RootEntityContext
Event: 41.566 Loading class org/hibernate/grammars/hql/HqlParser$RootEntityContext done
Event: 41.566 Loading class org/hibernate/grammars/hql/HqlParser$RootSubqueryContext
Event: 41.566 Loading class org/hibernate/grammars/hql/HqlParser$RootSubqueryContext done
Event: 41.567 Loading class org/hibernate/grammars/hql/HqlParser$SetClauseContext
Event: 41.567 Loading class org/hibernate/grammars/hql/HqlParser$SetClauseContext done
Event: 41.567 Loading class org/hibernate/grammars/hql/HqlParser$TargetFieldsContext
Event: 41.567 Loading class org/hibernate/grammars/hql/HqlParser$TargetFieldsContext done
Event: 41.569 Loading class org/hibernate/grammars/hql/HqlParser$QueryExpressionContext
Event: 41.569 Loading class org/hibernate/grammars/hql/HqlParser$QueryExpressionContext done
Event: 41.569 Loading class org/hibernate/grammars/hql/HqlParser$SimpleQueryGroupContext
Event: 41.569 Loading class org/hibernate/grammars/hql/HqlParser$SimpleQueryGroupContext done
Event: 41.570 Loading class org/hibernate/grammars/hql/HqlParser$SetQueryGroupContext
Event: 41.570 Loading class org/hibernate/grammars/hql/HqlParser$SetQueryGroupContext done

Classes unloaded (0 events):
No events

Classes redefined (0 events):
No events

Internal exceptions (20 events):
Event: 28.516 Thread 0x0000026aaffc5b90 Exception <a 'java/lang/NoSuchMethodError'{0x00000000c5ce6418}: 'java.lang.Object java.lang.invoke.DirectMethodHandle$Holder.newInvokeSpecial(java.lang.Object, java.lang.Object, int)'> (0x00000000c5ce6418) 
thrown [s\open\src\hotspot\share\interpreter\linkResolver.cpp, line 774]
Event: 28.592 Thread 0x0000026aaffc5b90 Exception <a 'java/lang/NoSuchMethodError'{0x00000000c5a91530}: 'int java.lang.invoke.DirectMethodHandle$Holder.invokeStatic(java.lang.Object, int, java.lang.Object)'> (0x00000000c5a91530) 
thrown [s\open\src\hotspot\share\interpreter\linkResolver.cpp, line 774]
Event: 28.596 Thread 0x0000026aaffc5b90 Exception <a 'java/lang/NoSuchMethodError'{0x00000000c5aae870}: 'java.lang.Object java.lang.invoke.DirectMethodHandle$Holder.newInvokeSpecial(java.lang.Object, java.lang.Object, java.lang.Object, java.lang.Object, java.lang.Object, int, java.lang.Object)'> (0x00000000c5aae870) 
thrown [s\open\src\hotspot\share\interpreter\linkResolver.cpp, line 774]
Event: 28.617 Thread 0x0000026aaffc5b90 Exception <a 'java/lang/NoSuchMethodError'{0x00000000c5ae62c8}: 'java.lang.Object java.lang.invoke.DirectMethodHandle$Holder.newInvokeSpecial(java.lang.Object, java.lang.Object, java.lang.Object, java.lang.Object, java.lang.Object, java.lang.Object, java.lang.Object, java.lang.Object, java.lang.Object, java.lang.Object, java.lang.Object, java.lang.Object)'> (0x00000000c5ae62c8) 
thrown [s\open\src\hotspot\share\interpreter\linkResolver.cpp, line 774]
Event: 28.617 Thread 0x0000026aaffc5b90 Exception <a 'java/lang/NoSuchMethodError'{0x00000000c5aeae08}: 'java.lang.Object java.lang.invoke.DirectMethodHandle$Holder.invokeSpecial(java.lang.Object, java.lang.Object, java.lang.Object, java.lang.Object, java.lang.Object, java.lang.Object, java.lang.Object, java.lang.Object, java.lang.Object, java.lang.Object, java.lang.Object, java.lang.Object, java.lang.Object)'> (0x00000000c5aeae08) 
thrown [s\open\src\hotspot\share\interpreter\linkResolver.cpp, line 774]
Event: 28.620 Thread 0x0000026aaffc5b90 Exception <a 'java/lang/NoSuchMethodError'{0x00000000c5aef570}: 'java.lang.Object java.lang.invoke.Invokers$Holder.linkToTargetMethod(java.lang.Object, java.lang.Object, java.lang.Object, java.lang.Object, java.lang.Object, java.lang.Object, java.lang.Object, java.lang.Object, java.lang.Object, java.lang.Object, java.lang.Object, java.lang.Object)'> (0x00000000c5aef570) 
thrown [s\open\src\hotspot\share\interpreter\linkResolver.cpp, line 774]
Event: 28.664 Thread 0x0000026aaffc5b90 Exception <a 'java/lang/IncompatibleClassChangeError'{0x00000000c598c8d8}: Found class java.lang.Object, but interface was expected> (0x00000000c598c8d8) 
thrown [s\open\src\hotspot\share\interpreter\linkResolver.cpp, line 841]
Event: 28.926 Thread 0x0000026aaffc5b90 Exception <a 'java/lang/NoSuchMethodError'{0x00000000c576b2c8}: 'java.lang.Object java.lang.invoke.DirectMethodHandle$Holder.newInvokeSpecial(java.lang.Object, java.lang.Object, int, java.lang.Object, int, java.lang.Object, java.lang.Object)'> (0x00000000c576b2c8) 
thrown [s\open\src\hotspot\share\interpreter\linkResolver.cpp, line 774]
Event: 28.959 Thread 0x0000026aaffc5b90 Exception <a 'java/lang/NoSuchMethodError'{0x00000000c57bdff8}: 'java.lang.Object java.lang.invoke.DirectMethodHandle$Holder.newInvokeSpecial(java.lang.Object, java.lang.Object, java.lang.Object, java.lang.Object, java.lang.Object, java.lang.Object, java.lang.Object, int)'> (0x00000000c57bdff8) 
thrown [s\open\src\hotspot\share\interpreter\linkResolver.cpp, line 774]
Event: 28.962 Thread 0x0000026aaffc5b90 Exception <a 'java/lang/NoSuchMethodError'{0x00000000c57c3250}: 'java.lang.Object java.lang.invoke.DirectMethodHandle$Holder.invokeSpecial(java.lang.Object, java.lang.Object, java.lang.Object, java.lang.Object, java.lang.Object, java.lang.Object, java.lang.Object, java.lang.Object, int)'> (0x00000000c57c3250) 
thrown [s\open\src\hotspot\share\interpreter\linkResolver.cpp, line 774]
Event: 28.962 Thread 0x0000026aaffc5b90 Exception <a 'java/lang/NoSuchMethodError'{0x00000000c57c7d28}: 'java.lang.Object java.lang.invoke.Invokers$Holder.linkToTargetMethod(java.lang.Object, java.lang.Object, java.lang.Object, java.lang.Object, java.lang.Object, java.lang.Object, int, java.lang.Object)'> (0x00000000c57c7d28) 
thrown [s\open\src\hotspot\share\interpreter\linkResolver.cpp, line 774]
Event: 29.236 Thread 0x0000026aaffc5b90 Exception <a 'java/lang/NoSuchMethodError'{0x00000000c5589030}: 'void java.lang.invoke.DirectMethodHandle$Holder.invokeInterface(java.lang.Object, java.lang.Object)'> (0x00000000c5589030) 
thrown [s\open\src\hotspot\share\interpreter\linkResolver.cpp, line 774]
Event: 31.462 Thread 0x0000026aaffc5b90 Exception <a 'java/lang/NoSuchMethodError'{0x00000000c6355a38}: 'java.lang.Object java.lang.invoke.DirectMethodHandle$Holder.invokeSpecial(java.lang.Object, java.lang.Object, int, java.lang.Object, int)'> (0x00000000c6355a38) 
thrown [s\open\src\hotspot\share\interpreter\linkResolver.cpp, line 774]
Event: 39.369 Thread 0x0000026aaffc5b90 Exception <a 'java/lang/NoSuchMethodError'{0x00000000c60111d8}: 'void java.lang.invoke.Invokers$Holder.invokeExact_MT(java.lang.Object, java.lang.Object, java.lang.Object, java.lang.Object)'> (0x00000000c60111d8) 
thrown [s\open\src\hotspot\share\interpreter\linkResolver.cpp, line 774]
Event: 39.659 Thread 0x0000026aaffc5b90 Implicit null exception at 0x0000026abfc52c60 to 0x0000026abfc52eac
Event: 39.875 Thread 0x0000026aaffc5b90 Exception <a 'java/lang/IncompatibleClassChangeError'{0x00000000c5b7c430}: Found class java.lang.Object, but interface was expected> (0x00000000c5b7c430) 
thrown [s\open\src\hotspot\share\interpreter\linkResolver.cpp, line 841]
Event: 39.894 Thread 0x0000026aaffc5b90 Implicit null exception at 0x0000026abfad80a4 to 0x0000026abfad9e94
Event: 39.907 Thread 0x0000026aaffc5b90 Exception <a 'java/lang/IncompatibleClassChangeError'{0x00000000c5a38028}: Found class java.lang.Object, but interface was expected> (0x00000000c5a38028) 
thrown [s\open\src\hotspot\share\interpreter\linkResolver.cpp, line 841]
Event: 39.993 Thread 0x0000026aaffc5b90 Exception <a 'java/lang/IncompatibleClassChangeError'{0x00000000c582d620}: Found class java.lang.Object, but interface was expected> (0x00000000c582d620) 
thrown [s\open\src\hotspot\share\interpreter\linkResolver.cpp, line 841]
Event: 40.366 Thread 0x0000026aaffc5b90 Exception <a 'java/lang/IncompatibleClassChangeError'{0x00000000c6388c88}: Found class java.lang.Object, but interface was expected> (0x00000000c6388c88) 
thrown [s\open\src\hotspot\share\interpreter\linkResolver.cpp, line 841]

VM Operations (20 events):
Event: 40.397 Executing VM operation: HandshakeAllThreads done
Event: 40.630 Executing VM operation: HandshakeAllThreads
Event: 40.630 Executing VM operation: HandshakeAllThreads done
Event: 41.005 Executing VM operation: ICBufferFull
Event: 41.005 Executing VM operation: ICBufferFull done
Event: 41.023 Executing VM operation: HandshakeAllThreads
Event: 41.023 Executing VM operation: HandshakeAllThreads done
Event: 41.033 Executing VM operation: G1CollectForAllocation
Event: 41.045 Executing VM operation: G1CollectForAllocation done
Event: 41.178 Executing VM operation: G1CollectForAllocation
Event: 41.240 Executing VM operation: G1CollectForAllocation done
Event: 41.358 Executing VM operation: G1PauseRemark
Event: 41.369 Executing VM operation: G1PauseRemark done
Event: 41.374 Executing VM operation: Cleanup
Event: 41.375 Executing VM operation: Cleanup done
Event: 41.416 Executing VM operation: G1PauseCleanup
Event: 41.416 Executing VM operation: G1PauseCleanup done
Event: 41.437 Executing VM operation: G1CollectForAllocation
Event: 41.451 Executing VM operation: G1CollectForAllocation done
Event: 41.570 Executing VM operation: G1CollectForAllocation

Events (20 events):
Event: 18.384 Thread 0x0000026acb895a60 flushing nmethod 0x0000026ab893f410
Event: 18.384 Thread 0x0000026acb895a60 flushing nmethod 0x0000026ab893ff10
Event: 18.384 Thread 0x0000026acb895a60 flushing nmethod 0x0000026ab8940a90
Event: 18.384 Thread 0x0000026acb895a60 flushing nmethod 0x0000026ab8941b90
Event: 18.384 Thread 0x0000026acb895a60 flushing nmethod 0x0000026ab8944810
Event: 18.384 Thread 0x0000026acb895a60 flushing nmethod 0x0000026ab8944e10
Event: 18.384 Thread 0x0000026acb895a60 flushing nmethod 0x0000026ab8945210
Event: 18.384 Thread 0x0000026acb895a60 flushing nmethod 0x0000026ab8947990
Event: 18.384 Thread 0x0000026acb895a60 flushing nmethod 0x0000026ab89adc90
Event: 18.384 Thread 0x0000026acb895a60 flushing nmethod 0x0000026ab89b6f90
Event: 18.384 Thread 0x0000026acb895a60 flushing nmethod 0x0000026ab89bc910
Event: 18.384 Thread 0x0000026acb895a60 flushing nmethod 0x0000026ab89bf110
Event: 18.384 Thread 0x0000026acb895a60 flushing nmethod 0x0000026ab89bf990
Event: 31.789 Thread 0x0000026ad0c2bc80 Thread exited: 0x0000026ad0c2bc80
Event: 39.884 Thread 0x0000026acb895a60 flushing nmethod 0x0000026abfa75610
Event: 39.892 Thread 0x0000026acb895a60 flushing nmethod 0x0000026abfce9390
Event: 39.894 Thread 0x0000026acb895a60 flushing nmethod 0x0000026ab7f2d890
Event: 39.895 Thread 0x0000026acb895a60 flushing nmethod 0x0000026ab7f6b810
Event: 39.907 Thread 0x0000026acb895a60 flushing nmethod 0x0000026ab823b490
Event: 39.917 Thread 0x0000026acb895a60 flushing nmethod 0x0000026ab8509490


Dynamic libraries:
0x00007ff78b140000 - 0x00007ff78b150000 	C:\Program Files\Java\jdk-19\bin\java.exe
0x00007ffb282b0000 - 0x00007ffb284c7000 	C:\WINDOWS\SYSTEM32\ntdll.dll
0x00007ffb27420000 - 0x00007ffb274e4000 	C:\WINDOWS\System32\KERNEL32.DLL
0x00007ffb25840000 - 0x00007ffb25bf9000 	C:\WINDOWS\System32\KERNELBASE.dll
0x00007ffb25d20000 - 0x00007ffb25e31000 	C:\WINDOWS\System32\ucrtbase.dll
0x00007ffb0f370000 - 0x00007ffb0f388000 	C:\Program Files\Java\jdk-19\bin\jli.dll
0x00007ffb275f0000 - 0x00007ffb276a2000 	C:\WINDOWS\System32\ADVAPI32.dll
0x00007ffb25fd0000 - 0x00007ffb26077000 	C:\WINDOWS\System32\msvcrt.dll
0x00007ffb279e0000 - 0x00007ffb27a87000 	C:\WINDOWS\System32\sechost.dll
0x00007ffb25c30000 - 0x00007ffb25c58000 	C:\WINDOWS\System32\bcrypt.dll
0x00007ffb262b0000 - 0x00007ffb263c4000 	C:\WINDOWS\System32\RPCRT4.dll
0x00007ffb17b60000 - 0x00007ffb17b7b000 	C:\Program Files\Java\jdk-19\bin\VCRUNTIME140.dll
0x00007ffb27750000 - 0x00007ffb278fe000 	C:\WINDOWS\System32\USER32.dll
0x00007ffb25c00000 - 0x00007ffb25c26000 	C:\WINDOWS\System32\win32u.dll
0x00007ffb26670000 - 0x00007ffb26699000 	C:\WINDOWS\System32\GDI32.dll
0x00007ffb0a600000 - 0x00007ffb0a892000 	C:\WINDOWS\WinSxS\amd64_microsoft.windows.common-controls_6595b64144ccf1df_6.0.22621.4391_none_2715d37f73803e96\COMCTL32.dll
0x00007ffb25e40000 - 0x00007ffb25f5b000 	C:\WINDOWS\System32\gdi32full.dll
0x00007ffb25630000 - 0x00007ffb256ca000 	C:\WINDOWS\System32\msvcp_win.dll
0x00007ffb1c530000 - 0x00007ffb1c53a000 	C:\WINDOWS\SYSTEM32\VERSION.dll
0x00007ffb26080000 - 0x00007ffb260b1000 	C:\WINDOWS\System32\IMM32.DLL
0x00007ffb11dd0000 - 0x00007ffb11ddc000 	C:\Program Files\Java\jdk-19\bin\vcruntime140_1.dll
0x00007ffaf5230000 - 0x00007ffaf52be000 	C:\Program Files\Java\jdk-19\bin\msvcp140.dll
0x00007ffac0d10000 - 0x00007ffac19d0000 	C:\Program Files\Java\jdk-19\bin\server\jvm.dll
0x00007ffb1e080000 - 0x00007ffb1e089000 	C:\WINDOWS\SYSTEM32\WSOCK32.dll
0x00007ffb276b0000 - 0x00007ffb27721000 	C:\WINDOWS\System32\WS2_32.dll
0x00007ffb1e140000 - 0x00007ffb1e174000 	C:\WINDOWS\SYSTEM32\WINMM.dll
0x00007ffb245b0000 - 0x00007ffb245c8000 	C:\WINDOWS\SYSTEM32\kernel.appcore.dll
0x00007ffb11d30000 - 0x00007ffb11d3a000 	C:\Program Files\Java\jdk-19\bin\jimage.dll
0x00007ffb1fe40000 - 0x00007ffb20072000 	C:\WINDOWS\SYSTEM32\DBGHELP.DLL
0x00007ffb26f30000 - 0x00007ffb272bf000 	C:\WINDOWS\System32\combase.dll
0x00007ffb27900000 - 0x00007ffb279d7000 	C:\WINDOWS\System32\OLEAUT32.dll
0x00007ffb1a460000 - 0x00007ffb1a492000 	C:\WINDOWS\SYSTEM32\dbgcore.DLL
0x00007ffb255b0000 - 0x00007ffb2562b000 	C:\WINDOWS\System32\bcryptPrimitives.dll
0x00007ffaf9080000 - 0x00007ffaf90bc000 	C:\Program Files\Java\jdk-19\bin\jdwp.dll
0x00007ffb1e560000 - 0x00007ffb1e56e000 	C:\Program Files\Java\jdk-19\bin\instrument.dll
0x00007ffb0f340000 - 0x00007ffb0f366000 	C:\Program Files\Java\jdk-19\bin\java.dll
0x00007ffaf9230000 - 0x00007ffaf9248000 	C:\Program Files\Java\jdk-19\bin\zip.dll
0x00007ffadda90000 - 0x00007ffaddb67000 	C:\Program Files\Java\jdk-19\bin\jsvml.dll
0x00007ffb266a0000 - 0x00007ffb26f16000 	C:\WINDOWS\System32\SHELL32.dll
0x00007ffb234a0000 - 0x00007ffb23da3000 	C:\WINDOWS\SYSTEM32\windows.storage.dll
0x00007ffb23360000 - 0x00007ffb2349f000 	C:\WINDOWS\SYSTEM32\wintypes.dll
0x00007ffb28160000 - 0x00007ffb28259000 	C:\WINDOWS\System32\SHCORE.dll
0x00007ffb26200000 - 0x00007ffb2625e000 	C:\WINDOWS\System32\shlwapi.dll
0x00007ffb254e0000 - 0x00007ffb2550b000 	C:\WINDOWS\SYSTEM32\profapi.dll
0x00007ffb017d0000 - 0x00007ffb017dc000 	C:\Program Files\Java\jdk-19\bin\dt_socket.dll
0x00007ffb24010000 - 0x00007ffb2403d000 	C:\WINDOWS\SYSTEM32\IPHLPAPI.DLL
0x00007ffb24a20000 - 0x00007ffb24a89000 	C:\WINDOWS\system32\mswsock.dll
0x00007ffafa160000 - 0x00007ffafa173000 	C:\Program Files\Java\jdk-19\bin\net.dll
0x00007ffb1c170000 - 0x00007ffb1c2a6000 	C:\WINDOWS\SYSTEM32\WINHTTP.dll
0x00007ffaf9930000 - 0x00007ffaf9946000 	C:\Program Files\Java\jdk-19\bin\nio.dll
0x00007ffb0ed00000 - 0x00007ffb0ed0e000 	C:\Program Files\Java\jdk-19\bin\sunmscapi.dll
0x00007ffb256d0000 - 0x00007ffb25836000 	C:\WINDOWS\System32\CRYPT32.dll
0x00007ffb24e80000 - 0x00007ffb24ead000 	C:\WINDOWS\SYSTEM32\ncrypt.dll
0x00007ffb24e40000 - 0x00007ffb24e77000 	C:\WINDOWS\SYSTEM32\NTASN1.dll
0x00007ffb24c50000 - 0x00007ffb24c6b000 	C:\WINDOWS\SYSTEM32\CRYPTSP.dll
0x00007ffb24510000 - 0x00007ffb24545000 	C:\WINDOWS\system32\rsaenh.dll
0x00007ffb24ad0000 - 0x00007ffb24af8000 	C:\WINDOWS\SYSTEM32\USERENV.dll
0x00007ffb24c70000 - 0x00007ffb24c7c000 	C:\WINDOWS\SYSTEM32\CRYPTBASE.dll
0x00007ffb26190000 - 0x00007ffb26199000 	C:\WINDOWS\System32\NSI.dll
0x00007ffb1c380000 - 0x00007ffb1c399000 	C:\WINDOWS\SYSTEM32\dhcpcsvc6.DLL
0x00007ffb1c150000 - 0x00007ffb1c16f000 	C:\WINDOWS\SYSTEM32\dhcpcsvc.DLL
0x00007ffb24080000 - 0x00007ffb24182000 	C:\WINDOWS\SYSTEM32\DNSAPI.dll
0x00007ffb0f950000 - 0x00007ffb0f95a000 	C:\Program Files\Java\jdk-19\bin\management.dll
0x00007ffb0f310000 - 0x00007ffb0f31b000 	C:\Program Files\Java\jdk-19\bin\management_ext.dll
0x00007ffb28260000 - 0x00007ffb28268000 	C:\WINDOWS\System32\PSAPI.DLL
0x00007ffb102b0000 - 0x00007ffb102c0000 	C:\Program Files\Java\jdk-19\bin\verify.dll
0x00007ffb12ae0000 - 0x00007ffb12aea000 	C:\Windows\System32\rasadhlp.dll
0x00007ffb1bbd0000 - 0x00007ffb1bc53000 	C:\WINDOWS\System32\fwpuclnt.dll
0x00007ffb119b0000 - 0x00007ffb119b8000 	C:\Program Files\Java\jdk-19\bin\extnet.dll

dbghelp: loaded successfully - version: 4.0.5 - missing functions: none
symbol engine: initialized successfully - sym options: 0x614 - pdb path: .;C:\Program Files\Java\jdk-19\bin;C:\WINDOWS\SYSTEM32;C:\WINDOWS\WinSxS\amd64_microsoft.windows.common-controls_6595b64144ccf1df_6.0.22621.4391_none_2715d37f73803e96;C:\Program Files\Java\jdk-19\bin\server

VM Arguments:
jvm_args: -agentlib:jdwp=transport=dt_socket,address=127.0.0.1:56270,suspend=y,server=n -javaagent:C:\Users\Admin\AppData\Local\JetBrains\IdeaIC2023.1\captureAgent\debugger-agent.jar=file:/C:/Users/Admin/AppData/Local/Temp/capture.props -Dfile.encoding=UTF-8 -Dsun.stdout.encoding=UTF-8 -Dsun.stderr.encoding=UTF-8 
java_command: com.example.greenproject.GreenProjectApplication
java_class_path (initial): C:\Users\Admin\Desktop\New folder\GreenProject\target\classes;C:\Users\Admin\.m2\repository\org\springframework\boot\spring-boot-starter-data-jpa\3.3.2\spring-boot-starter-data-jpa-3.3.2.jar;C:\Users\Admin\.m2\repository\org\springframework\boot\spring-boot-starter-aop\3.3.2\spring-boot-starter-aop-3.3.2.jar;C:\Users\Admin\.m2\repository\org\aspectj\aspectjweaver\1.9.22.1\aspectjweaver-1.9.22.1.jar;C:\Users\Admin\.m2\repository\org\springframework\boot\spring-boot-starter-jdbc\3.3.2\spring-boot-starter-jdbc-3.3.2.jar;C:\Users\Admin\.m2\repository\com\zaxxer\HikariCP\5.1.0\HikariCP-5.1.0.jar;C:\Users\Admin\.m2\repository\org\springframework\spring-jdbc\6.1.11\spring-jdbc-6.1.11.jar;C:\Users\Admin\.m2\repository\org\hibernate\orm\hibernate-core\6.5.2.Final\hibernate-core-6.5.2.Final.jar;C:\Users\Admin\.m2\repository\jakarta\persistence\jakarta.persistence-api\3.1.0\jakarta.persistence-api-3.1.0.jar;C:\Users\Admin\.m2\repository\jakarta\transaction\jakarta.transaction-api\2.0.1\jakarta.transaction-api-2.0.1.jar;C:\Users\Admin\.m2\repository\org\jboss\logging\jboss-logging\3.5.3.Final\jboss-logging-3.5.3.Final.jar;C:\Users\Admin\.m2\repository\org\hibernate\common\hibernate-commons-annotations\6.0.6.Final\hibernate-commons-annotations-6.0.6.Final.jar;C:\Users\Admin\.m2\repository\io\smallrye\jandex\3.1.2\jandex-3.1.2.jar;C:\Users\Admin\.m2\repository\com\fasterxml\classmate\1.7.0\classmate-1.7.0.jar;C:\Users\Admin\.m2\repository\net\bytebuddy\byte-buddy\1.14.18\byte-buddy-1.14.18.jar;C:\Users\Admin\.m2\repository\org\glassfish\jaxb\jaxb-runtime\4.0.5\jaxb-runtime-4.0.5.jar;C:\Users\Admin\.m2\repository\org\glassfish\jaxb\jaxb-core\4.0.5\jaxb-core-4.0.5.jar;C:\Users\Admin\.m2\repository\org\glassfish\jaxb\txw2\4.0.5\txw2-4.0.5.jar;C:\Users\Admin\.m2\repository\com\sun\istack\istack-commons-runtime\4.1.2\istack-commons-runtime-4.1.2.jar;C:\Users\Admin\.m2\repository\jakarta\inject\jakarta.inject-api\2.0.1\jakarta.inject-api-2.0.1.jar;C:\Users\Admin\.m2\repository\org\antlr\antlr4-runtime\4.13.0\antlr4-runtime-4.13.0.jar;C:\Users\Admin\.m2\repository\org\springframework\data\spring-data-jpa\3.3.2\spring-data-jpa-3.3.2.jar;C:\Users\Admin\.m2\repository\org\springframework\data\spring-data-commons\3.3.2\spring-data-commons-3.3.2.jar;C:\Users\Admin\.m2\repository\org\springframework\spring-orm\6.1.11\spring-orm-6.1.11.jar;C:\Users\Admin\.m2\repository\org\springframework\spring-context\6.1.11\spring-context-6.1.11.jar;C:\Users\Admin\.m2\repository\org\springframework\spring-tx\6.1.11\spring-tx-6.1.11.jar;C:\Users\Admin\.m2\repository\org\springframework\spring-beans\6.1.11\spring-beans-6.1.11.jar;C:\Users\Admin\.m2\repository\jakarta\annotation\jakarta.annotation-api\2.1.1\jakarta.annotation-api-2.1.1.jar;C:\Users\Admin\.m2\repository\org\slf4j\slf4j-api\2.0.13\slf4j-api-2.0.13.jar;C:\Users\Admin\.m2\repository\org\springframework\spring-aspects\6.1.11\spring-aspects-6.1.11.jar;C:\Users\Admin\.m2\repository\org\springframework\security\spring-security-oauth2-jose\6.3.1\spring-security-oauth2-jose-6.3.1.jar;C:\Users\Admin\.m2\repository\org\springframework\security\spring-security-core\6.3.1\spring-security-core-6.3.1.jar;C:\Users\Admin\.m2\repository\org\springframework\security\spring-security-crypto\6.3.1\spring-security-crypto-6.3.1.jar;C:\Users\Admin\.m2\repository\org\springframework\spring-expression\6.1.11\spring-expression-6.1.11.jar;C:\Users\Admin\.m2\repository\io\micrometer\micrometer-observation\1.13.2\micrometer-observation-1.13.2.jar;C:\Users\Admin\.m2\repository\io\micrometer\micrometer-commons\1.13.2\micrometer-commons-1.13.2.jar;C:\Users\Admin\.m2\repository\org\springframework\security\spring-security-oauth2-core\6.3.1\spring-security-oauth2-core-6.3.1.jar;C:\Users\Admin\.m2\repository\org\springframework\spring-core\6.1.11\spring-core-6.1.11.jar;C:\Users\Admin\.m2\repository\org\springframework\spring-jcl\6.1.11\spring-jcl-6.1.11.jar;C:\Users\Admin\.m2\repository\com\nimbusds\nimbus-jose-jwt\9.37.3\nimbus-jose-jwt-9.37.3.jar;C:\Users\Admin\.m2\repository\com\github\stephenc\jcip\jcip-annotations\1.0-1\jcip-annotations-1.0-1.jar;C:\Users\Admin\.m2\repository\org\springframework\boot\spring-boot-starter-security\3.3.2\spring-boot-starter-security-3.3.2.jar;C:\Users\Admin\.m2\repository\org\springframework\boot\spring-boot-starter\3.3.2\spring-boot-starter-3.3.2.jar;C:\Users\Admin\.m2\repository\org\springframework\boot\spring-boot\3.3.2\spring-boot-3.3.2.jar;C:\Users\Admin\.m2\repository\org\springframework\boot\spring-boot-autoconfigure\3.3.2\spring-boot-autoconfigure-3.3.2.jar;C:\Users\Admin\.m2\repository\org\springframework\boot\spring-boot-starter-logging\3.3.2\spring-boot-starter-logging-3.3.2.jar;C:\Users\Admin\.m2\repository\ch\qos\logback\logback-classic\1.5.6\logback-classic-1.5.6.jar;C:\Users\Admin\.m2\repository\ch\qos\logback\logback-core\1.5.6\logback-core-1.5.6.jar;C:\Users\Admin\.m2\repository\org\apache\logging\log4j\log4j-to-slf4j\2.23.1\log4j-to-slf4j-2.23.1.jar;C:\Users\Admin\.m2\repository\org\apache\logging\log4j\log4j-api\2.23.1\log4j-api-2.23.1.jar;C:\Users\Admin\.m2\repository\org\slf4j\jul-to-slf4j\2.0.13\jul-to-slf4j-2.0.13.jar;C:\Users\Admin\.m2\repository\org\yaml\snakeyaml\2.2\snakeyaml-2.2.jar;C:\Users\Admin\.m2\repository\org\springframework\spring-aop\6.1.11\spring-aop-6.1.11.jar;C:\Users\Admin\.m2\repository\org\springframework\security\spring-security-config\6.3.1\spring-security-config-6.3.1.jar;C:\Users\Admin\.m2\repository\org\springframework\security\spring-security-web\6.3.1\spring-security-web-6.3.1.jar;C:\Users\Admin\.m2\repository\org\springframework\boot\spring-boot-starter-validation\3.3.2\spring-boot-starter-validation-3.3.2.jar;C:\Users\Admin\.m2\repository\org\apache\tomcat\embed\tomcat-embed-el\10.1.26\tomcat-embed-el-10.1.26.jar;C:\Users\Admin\.m2\repository\org\hibernate\validator\hibernate-validator\8.0.1.Final\hibernate-validator-8.0.1.Final.jar;C:\Users\Admin\.m2\repository\jakarta\validation\jakarta.validation-api\3.0.2\jakarta.validation-api-3.0.2.jar;C:\Users\Admin\.m2\repository\org\springframework\boot\spring-boot-starter-web\3.3.2\spring-boot-starter-web-3.3.2.jar;C:\Users\Admin\.m2\repository\org\springframework\boot\spring-boot-starter-json\3.3.2\spring-boot-starter-json-3.3.2.jar;C:\Users\Admin\.m2\repository\com\fasterxml\jackson\datatype\jackson-datatype-jdk8\2.17.2\jackson-datatype-jdk8-2.17.2.jar;C:\Users\Admin\.m2\repository\com\fasterxml\jackson\datatype\jackson-datatype-jsr310\2.17.2\jackson-datatype-jsr310-2.17.2.jar;C:\Users\Admin\.m2\repository\com\fasterxml\jackson\module\jackson-module-parameter-names\2.17.2\jackson-module-parameter-names-2.17.2.jar;C:\Users\Admin\.m2\repository\org\springframework\boot\spring-boot-starter-tomcat\3.3.2\spring-boot-starter-tomcat-3.3.2.jar;C:\Users\Admin\.m2\repository\org\apache\tomcat\embed\tomcat-embed-core\10.1.26\tomcat-embed-core-10.1.26.jar;C:\Users\Admin\.m2\repository\org\apache\tomcat\embed\tomcat-embed-websocket\10.1.26\tomcat-embed-websocket-10.1.26.jar;C:\Users\Admin\.m2\repository\org\springframework\spring-web\6.1.11\spring-web-6.1.11.jar;C:\Users\Admin\.m2\repository\org\springframework\spring-webmvc\6.1.11\spring-webmvc-6.1.11.jar;C:\Users\Admin\.m2\repository\org\springframework\boot\spring-boot-starter-mail\3.1.5\spring-boot-starter-mail-3.1.5.jar;C:\Users\Admin\.m2\repository\org\springframework\spring-context-support\6.1.11\spring-context-support-6.1.11.jar;C:\Users\Admin\.m2\repository\org\eclipse\angus\jakarta.mail\2.0.3\jakarta.mail-2.0.3.jar;C:\Users\Admin\.m2\repository\jakarta\activation\jakarta.activation-api\2.1.3\jakarta.activation-api-2.1.3.jar;C:\Users\Admin\.m2\repository\org\eclipse\angus\angus-activation\2.0.2\angus-activation-2.0.2.jar;C:\Users\Admin\.m2\repository\com\mysql\mysql-connector-j\8.3.0\mysql-connector-j-8.3.0.jar;C:\Users\Admin\.m2\repository\org\projectlombok\lombok\1.18.34\lombok-1.18.34.jar;C:\Users\Admin\.m2\repository\jakarta\xml\bind\jakarta.xml.bind-api\4.0.2\jakarta.xml.bind-api-4.0.2.jar;C:\Users\Admin\.m2\repository\net\minidev\json-smart\2.5.1\json-smart-2.5.1.jar;C:\Users\Admin\.m2\repository\net\minidev\accessors-smart\2.5.1\accessors-smart-2.5.1.jar;C:\Users\Admin\.m2\repository\org\ow2\asm\asm\9.6\asm-9.6.jar;C:\Users\Admin\.m2\repository\com\cloudinary\cloudinary-http44\1.36.0\cloudinary-http44-1.36.0.jar;C:\Users\Admin\.m2\repository\com\cloudinary\cloudinary-core\1.36.0\cloudinary-core-1.36.0.jar;C:\Users\Admin\.m2\repository\org\apache\commons\commons-lang3\3.14.0\commons-lang3-3.14.0.jar;C:\Users\Admin\.m2\repository\org\apache\httpcomponents\httpclient\4.4\httpclient-4.4.jar;C:\Users\Admin\.m2\repository\org\apache\httpcomponents\httpcore\4.4.16\httpcore-4.4.16.jar;C:\Users\Admin\.m2\repository\commons-logging\commons-logging\1.2\commons-logging-1.2.jar;C:\Users\Admin\.m2\repository\commons-codec\commons-codec\1.16.1\commons-codec-1.16.1.jar;C:\Users\Admin\.m2\repository\org\apache\httpcomponents\httpmime\4.4\httpmime-4.4.jar;C:\Users\Admin\.m2\repository\com\auth0\java-jwt\4.4.0\java-jwt-4.4.0.jar;C:\Users\Admin\.m2\repository\com\fasterxml\jackson\core\jackson-databind\2.17.2\jackson-databind-2.17.2.jar;C:\Users\Admin\.m2\repository\com\fasterxml\jackson\core\jackson-annotations\2.17.2\jackson-annotations-2.17.2.jar;C:\Users\Admin\.m2\repository\com\fasterxml\jackson\core\jackson-core\2.17.2\jackson-core-2.17.2.jar;C:\Users\Admin\.m2\repository\com\cloudinary\cloudinary-taglib\1.36.0\cloudinary-taglib-1.36.0.jar;C:\Users\Admin\.m2\repository\javax\servlet\jsp-api\2.0\jsp-api-2.0.jar;C:\Users\Admin\.m2\repository\javax\servlet\servlet-api\2.4\servlet-api-2.4.jar;C:\Users\Admin\.m2\repository\io\github\cdimascio\dotenv-java\2.2.4\dotenv-java-2.2.4.jar;C:\Users\Admin\.m2\repository\org\springframework\security\spring-security-oauth2-client\6.3.1\spring-security-oauth2-client-6.3.1.jar;C:\Users\Admin\.m2\repository\com\nimbusds\oauth2-oidc-sdk\9.43.4\oauth2-oidc-sdk-9.43.4.jar;C:\Users\Admin\.m2\repository\com\nimbusds\content-type\2.2\content-type-2.2.jar;C:\Users\Admin\.m2\repository\com\nimbusds\lang-tag\1.7\lang-tag-1.7.jar;C:\Users\Admin\.m2\repository\org\springframework\boot\spring-boot-starter-data-redis\3.3.2\spring-boot-starter-data-redis-3.3.2.jar;C:\Users\Admin\.m2\repository\io\lettuce\lettuce-core\6.3.2.RELEASE\lettuce-core-6.3.2.RELEASE.jar;C:\Users\Admin\.m2\repository\io\netty\netty-common\4.1.111.Final\netty-common-4.1.111.Final.jar;C:\Users\Admin\.m2\repository\io\netty\netty-handler\4.1.111.Final\netty-handler-4.1.111.Final.jar;C:\Users\Admin\.m2\repository\io\netty\netty-resolver\4.1.111.Final\netty-resolver-4.1.111.Final.jar;C:\Users\Admin\.m2\repository\io\netty\netty-buffer\4.1.111.Final\netty-buffer-4.1.111.Final.jar;C:\Users\Admin\.m2\repository\io\netty\netty-transport-native-unix-common\4.1.111.Final\netty-transport-native-unix-common-4.1.111.Final.jar;C:\Users\Admin\.m2\repository\io\netty\netty-codec\4.1.111.Final\netty-codec-4.1.111.Final.jar;C:\Users\Admin\.m2\repository\io\netty\netty-transport\4.1.111.Final\netty-transport-4.1.111.Final.jar;C:\Users\Admin\.m2\repository\io\projectreactor\reactor-core\3.6.8\reactor-core-3.6.8.jar;C:\Users\Admin\.m2\repository\org\reactivestreams\reactive-streams\1.0.4\reactive-streams-1.0.4.jar;C:\Users\Admin\.m2\repository\org\springframework\data\spring-data-redis\3.3.2\spring-data-redis-3.3.2.jar;C:\Users\Admin\.m2\repository\org\springframework\data\spring-data-keyvalue\3.3.2\spring-data-keyvalue-3.3.2.jar;C:\Users\Admin\.m2\repository\org\springframework\spring-oxm\6.1.11\spring-oxm-6.1.11.jar;C:\Users\Admin\.m2\repository\org\springframework\boot\spring-boot-starter-amqp\3.3.2\spring-boot-starter-amqp-3.3.2.jar;C:\Users\Admin\.m2\repository\org\springframework\spring-messaging\6.1.11\spring-messaging-6.1.11.jar;C:\Users\Admin\.m2\repository\org\springframework\amqp\spring-rabbit\3.1.6\spring-rabbit-3.1.6.jar;C:\Users\Admin\.m2\repository\org\springframework\amqp\spring-amqp\3.1.6\spring-amqp-3.1.6.jar;C:\Users\Admin\.m2\repository\org\springframework\retry\spring-retry\2.0.7\spring-retry-2.0.7.jar;C:\Users\Admin\.m2\repository\com\rabbitmq\amqp-client\5.21.0\amqp-client-5.21.0.jar;C:\Users\Admin\.m2\repository\org\springframework\boot\spring-boot-starter-websocket\3.3.2\spring-boot-starter-websocket-3.3.2.jar;C:\Users\Admin\.m2\repository\org\springframework\spring-websocket\6.1.11\spring-websocket-6.1.11.jar;E:\New folder\IntelliJ IDEA Community Edition 2023.1\lib\idea_rt.jar
Launcher Type: SUN_STANDARD

[Global flags]
     intx CICompilerCount                          = 3                                         {product} {ergonomic}
     uint ConcGCThreads                            = 1                                         {product} {ergonomic}
     uint G1ConcRefinementThreads                  = 4                                         {product} {ergonomic}
   size_t G1HeapRegionSize                         = 1048576                                   {product} {ergonomic}
    uintx GCDrainStackTargetSize                   = 64                                        {product} {ergonomic}
   size_t InitialHeapSize                          = 65011712                                  {product} {ergonomic}
   size_t MarkStackSize                            = 4194304                                   {product} {ergonomic}
   size_t MaxHeapSize                              = 1029701632                                {product} {ergonomic}
   size_t MaxNewSize                               = 617611264                                 {product} {ergonomic}
   size_t MinHeapDeltaBytes                        = 1048576                                   {product} {ergonomic}
   size_t MinHeapSize                              = 8388608                                   {product} {ergonomic}
    uintx NonNMethodCodeHeapSize                   = 5832780                                {pd product} {ergonomic}
    uintx NonProfiledCodeHeapSize                  = 122912730                              {pd product} {ergonomic}
    uintx ProfiledCodeHeapSize                     = 122912730                              {pd product} {ergonomic}
    uintx ReservedCodeCacheSize                    = 251658240                              {pd product} {ergonomic}
     bool SegmentedCodeCache                       = true                                      {product} {ergonomic}
   size_t SoftMaxHeapSize                          = 1029701632                             {manageable} {ergonomic}
     bool UseCompressedClassPointers               = true                           {product lp64_product} {ergonomic}
     bool UseCompressedOops                        = true                           {product lp64_product} {ergonomic}
     bool UseG1GC                                  = true                                      {product} {ergonomic}
     bool UseLargePagesIndividualAllocation        = false                                  {pd product} {ergonomic}

Logging:
Log output configuration:
 #0: stdout all=warning uptime,level,tags foldmultilines=false
 #1: stderr all=off uptime,level,tags foldmultilines=false

Environment Variables:
JAVA_HOME=C:\Program Files\Java\jdk-17
PATH=C:\Program Files (x86)\NVIDIA Corporation\PhysX\Common;C:\Python311\Scripts\;C:\Python311\;C:\Program Files\Common Files\Oracle\Java\javapath;C:\WINDOWS\system32;C:\WINDOWS;C:\WINDOWS\System32\Wbem;C:\WINDOWS\System32\WindowsPowerShell\v1.0\;C:\WINDOWS\System32\OpenSSH\;C:\Program Files (x86)\Intel\Intel(R) Management Engine Components\DAL;C:\Program Files\Intel\Intel(R) Management Engine Components\DAL;C:\ProgramData\chocolatey\bin;C:\Program Files (x86)\Microsoft SQL Server\160\Tools\Binn\;C:\Program Files\Microsoft SQL Server\160\Tools\Binn\;C:\Program Files\Microsoft SQL Server\Client SDK\ODBC\170\Tools\Binn\;C:\Program Files\Microsoft SQL Server\160\DTS\Binn\;C:\Program Files\Git\cmd;E:\Vmware\;E:\nodejs;C:\Program Files\Java\jdk-17\bin;C:\Program Files\MySQL\MySQL Shell 8.0\bin\;C:\Program Files\Java\jdk-19\bin;C:\Program Files\JetBrains\PyCharm Community Edition 2022.2\bin;;C:\Program Files\Azure Data Studio\bin;E:\New folder\IntelliJ IDEA Community Edition 2023.1\bin;;C:\Users\Admin\sqlite-tools-win32-x86-3420000;E:\IntelliJ IDEA 2023.2.5\bin;;C:\Users\Admin\AppData\Roaming\npm;E:\Microsoft VS Coder\bin
USERNAME=Admin
OS=Windows_NT
PROCESSOR_IDENTIFIER=Intel64 Family 6 Model 142 Stepping 12, GenuineIntel
TMP=C:\Users\Admin\AppData\Local\Temp
TEMP=C:\Users\Admin\AppData\Local\Temp



---------------  S Y S T E M  ---------------

OS:
 Windows 11 , 64 bit Build 22621 (10.0.22621.4391)
OS uptime: 2 days 15:05 hours
Hyper-V role detected

CPU: total 4 (initial active 4) (2 cores per cpu, 2 threads per core) family 6 model 142 stepping 12 microcode 0xde, cx8, cmov, fxsr, ht, mmx, 3dnowpref, sse, sse2, sse3, ssse3, sse4.1, sse4.2, popcnt, lzcnt, tsc, tscinvbit, avx, avx2, aes, erms, clmul, bmi1, bmi2, adx, fma, vzeroupper, clflush, clflushopt, hv, rdtscp

Memory: 4k page, system-wide physical 3927M (249M free)
TotalPageFile size 10848M (AvailPageFile size 106M)
current process WorkingSet (physical memory assigned to process): 211M, peak: 243M
current process commit charge ("private bytes"): 313M, peak: 421M

vm_info: Java HotSpot(TM) 64-Bit Server VM (19.0.2+7-44) for windows-amd64 JRE (19.0.2+7-44), built on 2022-11-30T18:02:09Z by "mach5one" with MS VC++ 17.1 (VS2022)

END.
