#
# There is insufficient memory for the Java Runtime Environment to continue.
# Native memory allocation (mmap) failed to map 134217728 bytes for G1 virtual space
# Possible reasons:
#   The system is out of physical RAM or swap space
#   The process is running with CompressedOops enabled, and the Java Heap may be blocking the growth of the native heap
# Possible solutions:
#   Reduce memory load on the system
#   Increase physical memory or swap space
#   Check if swap backing store is full
#   Decrease Java heap size (-Xmx/-Xms)
#   Decrease number of Java threads
#   Decrease Java thread stack sizes (-Xss)
#   Set larger code cache with -XX:ReservedCodeCacheSize=
#   JVM is running with Unscaled Compressed Oops mode in which the Java heap is
#     placed in the first 4GB address space. The Java Heap base address is the
#     maximum limit for the native heap growth. Please use -XX:HeapBaseMinAddress
#     to set the Java Heap base and to place the Java Heap above 4GB virtual address.
# This output file may be truncated or incomplete.
#
#  Out of Memory Error (os_windows.cpp:3536), pid=13036, tid=14600
#
# JRE version: Java(TM) SE Runtime Environment (19.0.2+7) (build 19.0.2+7-44)
# Java VM: Java HotSpot(TM) 64-Bit Server VM (19.0.2+7-44, mixed mode, sharing, tiered, compressed oops, compressed class ptrs, g1 gc, windows-amd64)
# No core dump will be written. Minidumps are not enabled by default on client versions of Windows
#

---------------  S U M M A R Y ------------

Command Line: -javaagent:E:\New folder\IntelliJ IDEA Community Edition 2023.1\lib\idea_rt.jar=57845:E:\New folder\IntelliJ IDEA Community Edition 2023.1\bin -Dfile.encoding=UTF-8 -Dsun.stdout.encoding=UTF-8 -Dsun.stderr.encoding=UTF-8 com.example.greenproject.GreenProjectApplication

Host: Intel(R) Core(TM) i3-10110U CPU @ 2.10GHz, 4 cores, 3G,  Windows 11 , 64 bit Build 22621 (10.0.22621.4391)
Time: Fri Nov 22 16:28:03 2024 SE Asia Standard Time elapsed time: 31.643975 seconds (0d 0h 0m 31s)

---------------  T H R E A D  ---------------

Current thread (0x0000019c20b65c00):  VMThread "VM Thread" [stack: 0x00000054a7900000,0x00000054a7a00000] [id=14600]

Stack: [0x00000054a7900000,0x00000054a7a00000]
Native frames: (J=compiled Java code, j=interpreted, Vv=VM code, C=native code)
V  [jvm.dll+0x6ee21a]
V  [jvm.dll+0x85765e]
V  [jvm.dll+0x85904e]
V  [jvm.dll+0x859703]
V  [jvm.dll+0x28298f]
V  [jvm.dll+0x6eb009]
V  [jvm.dll+0x6dfbaa]
V  [jvm.dll+0x3573f6]
V  [jvm.dll+0x35ee56]
V  [jvm.dll+0x3b541e]
V  [jvm.dll+0x3b564f]
V  [jvm.dll+0x32c9ea]
V  [jvm.dll+0x32ca97]
V  [jvm.dll+0x374cd2]
V  [jvm.dll+0x37340f]
V  [jvm.dll+0x32c210]
V  [jvm.dll+0x3729ab]
V  [jvm.dll+0x85ebc3]
V  [jvm.dll+0x85f989]
V  [jvm.dll+0x85febd]
V  [jvm.dll+0x86034b]
V  [jvm.dll+0x860407]
V  [jvm.dll+0x80125a]
V  [jvm.dll+0x6ecf0b]
C  [ucrtbase.dll+0x29333]
C  [KERNEL32.DLL+0x1259d]
C  [ntdll.dll+0x5af38]

VM_Operation (0x00000054a73fe1c0): G1CollectForAllocation, mode: safepoint, requested by thread 0x0000019c033e4310


---------------  P R O C E S S  ---------------

Threads class SMR info:
_java_thread_list=0x0000019c27ffb710, length=19, elements={
0x0000019c033e4310, 0x0000019c20b7abb0, 0x0000019c20b7b9a0, 0x0000019c20b7f6e0,
0x0000019c20b83230, 0x0000019c20ba6780, 0x0000019c20ba70b0, 0x0000019c20baac60,
0x0000019c20bb1280, 0x0000019c20bc5300, 0x0000019c20b53360, 0x0000019c251c7790,
0x0000019c256aff40, 0x0000019c26bf1eb0, 0x0000019c26bf0420, 0x0000019c26bf0970,
0x0000019c26bf2950, 0x0000019c26bf0ec0, 0x0000019c278624d0
}

Java Threads: ( => current thread )
  0x0000019c033e4310 JavaThread "main" [_thread_blocked, id=10512, stack(0x00000054a7300000,0x00000054a7400000)]
  0x0000019c20b7abb0 JavaThread "Reference Handler" daemon [_thread_blocked, id=7628, stack(0x00000054a7a00000,0x00000054a7b00000)]
  0x0000019c20b7b9a0 JavaThread "Finalizer" daemon [_thread_blocked, id=14756, stack(0x00000054a7b00000,0x00000054a7c00000)]
  0x0000019c20b7f6e0 JavaThread "Signal Dispatcher" daemon [_thread_blocked, id=4244, stack(0x00000054a7c00000,0x00000054a7d00000)]
  0x0000019c20b83230 JavaThread "Attach Listener" daemon [_thread_blocked, id=13052, stack(0x00000054a7d00000,0x00000054a7e00000)]
  0x0000019c20ba6780 JavaThread "Service Thread" daemon [_thread_blocked, id=10800, stack(0x00000054a7e00000,0x00000054a7f00000)]
  0x0000019c20ba70b0 JavaThread "Monitor Deflation Thread" daemon [_thread_blocked, id=9564, stack(0x00000054a7f00000,0x00000054a8000000)]
  0x0000019c20baac60 JavaThread "C2 CompilerThread0" daemon [_thread_in_native, id=10488, stack(0x00000054a8000000,0x00000054a8100000)]
  0x0000019c20bb1280 JavaThread "C1 CompilerThread0" daemon [_thread_blocked, id=10744, stack(0x00000054a8100000,0x00000054a8200000)]
  0x0000019c20bc5300 JavaThread "Sweeper thread" daemon [_thread_blocked, id=1836, stack(0x00000054a8200000,0x00000054a8300000)]
  0x0000019c20b53360 JavaThread "Common-Cleaner" daemon [_thread_blocked, id=12664, stack(0x00000054a8300000,0x00000054a8400000)]
  0x0000019c251c7790 JavaThread "Monitor Ctrl-Break" daemon [_thread_in_native, id=15004, stack(0x00000054a8400000,0x00000054a8500000)]
  0x0000019c256aff40 JavaThread "Notification Thread" daemon [_thread_blocked, id=8060, stack(0x00000054a8500000,0x00000054a8600000)]
  0x0000019c26bf1eb0 JavaThread "Catalina-utility-1" [_thread_blocked, id=9012, stack(0x00000054a8700000,0x00000054a8800000)]
  0x0000019c26bf0420 JavaThread "Catalina-utility-2" [_thread_blocked, id=7440, stack(0x00000054a8b00000,0x00000054a8c00000)]
  0x0000019c26bf0970 JavaThread "container-0" [_thread_blocked, id=11772, stack(0x00000054a8c00000,0x00000054a8d00000)]
  0x0000019c26bf2950 JavaThread "mysql-cj-abandoned-connection-cleanup" daemon [_thread_blocked, id=80, stack(0x00000054a8d00000,0x00000054a8e00000)]
  0x0000019c26bf0ec0 JavaThread "HikariPool-1 housekeeper" daemon [_thread_blocked, id=9136, stack(0x00000054a8f00000,0x00000054a9000000)]
  0x0000019c278624d0 JavaThread "C2 CompilerThread1" daemon [_thread_in_native, id=6024, stack(0x00000054a9100000,0x00000054a9200000)]

Other Threads:
=>0x0000019c20b65c00 VMThread "VM Thread" [stack: 0x00000054a7900000,0x00000054a7a00000] [id=14600]
  0x0000019c256b3120 WatcherThread "VM Periodic Task Thread" [stack: 0x00000054a8600000,0x00000054a8700000] [id=2996]
  0x0000019c03425390 WorkerThread "GC Thread#0" [stack: 0x00000054a7400000,0x00000054a7500000] [id=8576]
  0x0000019c25a8b390 WorkerThread "GC Thread#1" [stack: 0x00000054a8800000,0x00000054a8900000] [id=10120]
  0x0000019c259206c0 WorkerThread "GC Thread#2" [stack: 0x00000054a8900000,0x00000054a8a00000] [id=13784]
  0x0000019c25920990 WorkerThread "GC Thread#3" [stack: 0x00000054a8a00000,0x00000054a8b00000] [id=11796]
  0x0000019c0342ddb0 ConcurrentGCThread "G1 Main Marker" [stack: 0x00000054a7500000,0x00000054a7600000] [id=348]
  0x0000019c0342e7e0 WorkerThread "G1 Conc#0" [stack: 0x00000054a7600000,0x00000054a7700000] [id=6316]
  0x0000019c0347e960 ConcurrentGCThread "G1 Refine#0" [stack: 0x00000054a7700000,0x00000054a7800000] [id=884]
  0x0000019c0347f4a0 ConcurrentGCThread "G1 Service" [stack: 0x00000054a7800000,0x00000054a7900000] [id=9716]

Threads with active compile tasks:
C2 CompilerThread0    31686 10034       4       org.springframework.beans.factory.support.AbstractBeanFactory::isTypeMatch (745 bytes)
C2 CompilerThread1    31686 10017       4       org.springframework.core.ResolvableType::as (86 bytes)

VM state: at safepoint (normal execution)

VM Mutex/Monitor currently owned by a thread:  ([mutex/lock_event])
[0x0000019c033e0970] Threads_lock - owner thread: 0x0000019c20b65c00
[0x0000019c033e08e0] Heap_lock - owner thread: 0x0000019c033e4310

Heap address: 0x00000000c2a00000, size: 982 MB, Compressed Oops mode: 32-bit

CDS archive(s) mapped at: [0x0000000800000000-0x0000000800c40000-0x0000000800c40000), size 12845056, SharedBaseAddress: 0x0000000800000000, ArchiveRelocationMode: 0.
Compressed class space mapped at: 0x0000000801000000-0x0000000841000000, reserved size: 1073741824
Narrow klass base: 0x0000000800000000, Narrow klass shift: 0, Narrow klass range: 0x100000000

GC Precious Log:
 CardTable entry size: 512
 Card Set container configuration: InlinePtr #cards 5 size 8 Array Of Cards #cards 12 size 40 Howl #buckets 4 coarsen threshold 1843 Howl Bitmap #cards 512 size 80 coarsen threshold 460 Card regions per heap region 1 cards per card region 2048
 CPUs: 4 total, 4 available
 Memory: 3927M
 Large Page Support: Disabled
 NUMA Support: Disabled
 Compressed Oops: Enabled (32-bit)
 Heap Region Size: 1M
 Heap Min Capacity: 8M
 Heap Initial Capacity: 62M
 Heap Max Capacity: 982M
 Pre-touch: Disabled
 Parallel Workers: 4
 Concurrent Workers: 1
 Concurrent Refinement Workers: 4
 Periodic GC: Disabled

Heap:
 garbage-first heap   total 111616K, used 53191K [0x00000000c2a00000, 0x0000000100000000)
  region size 1024K, 1 young (1024K), 1 survivors (1024K)
 Metaspace       used 85941K, committed 86720K, reserved 1179648K
  class space    used 11455K, committed 11840K, reserved 1048576K

Heap Regions: E=young(eden), S=young(survivor), O=old, HS=humongous(starts), HC=humongous(continues), CS=collection set, F=free, OA=open archive, CA=closed archive, TAMS=top-at-mark-start (previous, next)
|   0|0x00000000c2a00000, 0x00000000c2b00000, 0x00000000c2b00000|100%|HS|  |TAMS 0x00000000c2b00000, 0x00000000c2a00000| Complete 
|   1|0x00000000c2b00000, 0x00000000c2c00000, 0x00000000c2c00000|100%| O|  |TAMS 0x00000000c2c00000, 0x00000000c2b00000| Untracked 
|   2|0x00000000c2c00000, 0x00000000c2d00000, 0x00000000c2d00000|100%| O|  |TAMS 0x00000000c2d00000, 0x00000000c2c00000| Untracked 
|   3|0x00000000c2d00000, 0x00000000c2e00000, 0x00000000c2e00000|100%| O|  |TAMS 0x00000000c2e00000, 0x00000000c2d00000| Untracked 
|   4|0x00000000c2e00000, 0x00000000c2f00000, 0x00000000c2f00000|100%| O|  |TAMS 0x00000000c2f00000, 0x00000000c2e00000| Untracked 
|   5|0x00000000c2f00000, 0x00000000c3000000, 0x00000000c3000000|100%| O|  |TAMS 0x00000000c3000000, 0x00000000c2f00000| Untracked 
|   6|0x00000000c3000000, 0x00000000c3100000, 0x00000000c3100000|100%| O|  |TAMS 0x00000000c3100000, 0x00000000c3000000| Untracked 
|   7|0x00000000c3100000, 0x00000000c3200000, 0x00000000c3200000|100%| O|  |TAMS 0x00000000c3200000, 0x00000000c3100000| Untracked 
|   8|0x00000000c3200000, 0x00000000c3300000, 0x00000000c3300000|100%| O|  |TAMS 0x00000000c3300000, 0x00000000c3200000| Untracked 
|   9|0x00000000c3300000, 0x00000000c3400000, 0x00000000c3400000|100%| O|  |TAMS 0x00000000c3400000, 0x00000000c3300000| Untracked 
|  10|0x00000000c3400000, 0x00000000c3500000, 0x00000000c3500000|100%| O|  |TAMS 0x00000000c3500000, 0x00000000c3400000| Untracked 
|  11|0x00000000c3500000, 0x00000000c3600000, 0x00000000c3600000|100%| O|  |TAMS 0x00000000c3600000, 0x00000000c3500000| Untracked 
|  12|0x00000000c3600000, 0x00000000c3700000, 0x00000000c3700000|100%| O|  |TAMS 0x00000000c3700000, 0x00000000c3600000| Untracked 
|  13|0x00000000c3700000, 0x00000000c3800000, 0x00000000c3800000|100%| O|  |TAMS 0x00000000c3800000, 0x00000000c3700000| Untracked 
|  14|0x00000000c3800000, 0x00000000c3900000, 0x00000000c3900000|100%| O|  |TAMS 0x00000000c3900000, 0x00000000c3800000| Untracked 
|  15|0x00000000c3900000, 0x00000000c3a00000, 0x00000000c3a00000|100%| O|  |TAMS 0x00000000c3a00000, 0x00000000c3900000| Untracked 
|  16|0x00000000c3a00000, 0x00000000c3b00000, 0x00000000c3b00000|100%| O|  |TAMS 0x00000000c3b00000, 0x00000000c3a00000| Untracked 
|  17|0x00000000c3b00000, 0x00000000c3c00000, 0x00000000c3c00000|100%| O|  |TAMS 0x00000000c3c00000, 0x00000000c3b00000| Untracked 
|  18|0x00000000c3c00000, 0x00000000c3d00000, 0x00000000c3d00000|100%| O|  |TAMS 0x00000000c3d00000, 0x00000000c3c00000| Untracked 
|  19|0x00000000c3d00000, 0x00000000c3e00000, 0x00000000c3e00000|100%| O|  |TAMS 0x00000000c3e00000, 0x00000000c3d00000| Untracked 
|  20|0x00000000c3e00000, 0x00000000c3eea600, 0x00000000c3f00000| 91%| O|  |TAMS 0x00000000c3eea600, 0x00000000c3e00000| Untracked 
|  21|0x00000000c3f00000, 0x00000000c4000000, 0x00000000c4000000|100%| O|  |TAMS 0x00000000c4000000, 0x00000000c3f00000| Untracked 
|  22|0x00000000c4000000, 0x00000000c4100000, 0x00000000c4100000|100%| O|  |TAMS 0x00000000c4100000, 0x00000000c4000000| Untracked 
|  23|0x00000000c4100000, 0x00000000c4200000, 0x00000000c4200000|100%| O|  |TAMS 0x00000000c4200000, 0x00000000c4100000| Untracked 
|  24|0x00000000c4200000, 0x00000000c4300000, 0x00000000c4300000|100%| O|  |TAMS 0x00000000c4300000, 0x00000000c4200000| Untracked 
|  25|0x00000000c4300000, 0x00000000c4400000, 0x00000000c4400000|100%| O|  |TAMS 0x00000000c4400000, 0x00000000c4300000| Untracked 
|  26|0x00000000c4400000, 0x00000000c4500000, 0x00000000c4500000|100%| O|  |TAMS 0x00000000c4500000, 0x00000000c4400000| Untracked 
|  27|0x00000000c4500000, 0x00000000c4600000, 0x00000000c4600000|100%| O|  |TAMS 0x00000000c4600000, 0x00000000c4500000| Untracked 
|  28|0x00000000c4600000, 0x00000000c4700000, 0x00000000c4700000|100%| O|  |TAMS 0x00000000c4700000, 0x00000000c4600000| Untracked 
|  29|0x00000000c4700000, 0x00000000c4800000, 0x00000000c4800000|100%| O|  |TAMS 0x00000000c4800000, 0x00000000c4700000| Untracked 
|  30|0x00000000c4800000, 0x00000000c4900000, 0x00000000c4900000|100%| O|  |TAMS 0x00000000c4900000, 0x00000000c4800000| Untracked 
|  31|0x00000000c4900000, 0x00000000c4a00000, 0x00000000c4a00000|100%| O|  |TAMS 0x00000000c4a00000, 0x00000000c4900000| Untracked 
|  32|0x00000000c4a00000, 0x00000000c4b00000, 0x00000000c4b00000|100%| O|  |TAMS 0x00000000c4b00000, 0x00000000c4a00000| Untracked 
|  33|0x00000000c4b00000, 0x00000000c4c00000, 0x00000000c4c00000|100%| O|  |TAMS 0x00000000c4c00000, 0x00000000c4b00000| Untracked 
|  34|0x00000000c4c00000, 0x00000000c4d00000, 0x00000000c4d00000|100%| O|  |TAMS 0x00000000c4c00000, 0x00000000c4c00000| Untracked 
|  35|0x00000000c4d00000, 0x00000000c4e00000, 0x00000000c4e00000|100%| O|  |TAMS 0x00000000c4e00000, 0x00000000c4d00000| Untracked 
|  36|0x00000000c4e00000, 0x00000000c4f00000, 0x00000000c4f00000|100%| O|  |TAMS 0x00000000c4f00000, 0x00000000c4e00000| Untracked 
|  37|0x00000000c4f00000, 0x00000000c5000000, 0x00000000c5000000|100%| O|  |TAMS 0x00000000c4f00000, 0x00000000c4f00000| Untracked 
|  38|0x00000000c5000000, 0x00000000c5100000, 0x00000000c5100000|100%| O|  |TAMS 0x00000000c5000000, 0x00000000c5000000| Untracked 
|  39|0x00000000c5100000, 0x00000000c5200000, 0x00000000c5200000|100%| O|  |TAMS 0x00000000c5100000, 0x00000000c5100000| Untracked 
|  40|0x00000000c5200000, 0x00000000c5300000, 0x00000000c5300000|100%| O|  |TAMS 0x00000000c5200000, 0x00000000c5200000| Untracked 
|  41|0x00000000c5300000, 0x00000000c53a2000, 0x00000000c5400000| 63%| O|  |TAMS 0x00000000c5300000, 0x00000000c5300000| Untracked 
|  42|0x00000000c5400000, 0x00000000c5400000, 0x00000000c5500000|  0%| F|  |TAMS 0x00000000c5400000, 0x00000000c5400000| Untracked 
|  43|0x00000000c5500000, 0x00000000c5600000, 0x00000000c5600000|100%| O|  |TAMS 0x00000000c5600000, 0x00000000c5500000| Untracked 
|  44|0x00000000c5600000, 0x00000000c5600000, 0x00000000c5700000|  0%| F|  |TAMS 0x00000000c5600000, 0x00000000c5600000| Untracked 
|  45|0x00000000c5700000, 0x00000000c5700000, 0x00000000c5800000|  0%| F|  |TAMS 0x00000000c5700000, 0x00000000c5700000| Untracked 
|  46|0x00000000c5800000, 0x00000000c5800000, 0x00000000c5900000|  0%| F|  |TAMS 0x00000000c5800000, 0x00000000c5800000| Untracked 
|  47|0x00000000c5900000, 0x00000000c5900000, 0x00000000c5a00000|  0%| F|  |TAMS 0x00000000c5900000, 0x00000000c5900000| Untracked 
|  48|0x00000000c5a00000, 0x00000000c5a00000, 0x00000000c5b00000|  0%| F|  |TAMS 0x00000000c5a00000, 0x00000000c5a00000| Untracked 
|  49|0x00000000c5b00000, 0x00000000c5b00000, 0x00000000c5c00000|  0%| F|  |TAMS 0x00000000c5b00000, 0x00000000c5b00000| Untracked 
|  50|0x00000000c5c00000, 0x00000000c5c00000, 0x00000000c5d00000|  0%| F|  |TAMS 0x00000000c5c00000, 0x00000000c5c00000| Untracked 
|  51|0x00000000c5d00000, 0x00000000c5e00000, 0x00000000c5e00000|100%| O|  |TAMS 0x00000000c5e00000, 0x00000000c5d00000| Untracked 
|  52|0x00000000c5e00000, 0x00000000c5f00000, 0x00000000c5f00000|100%| O|  |TAMS 0x00000000c5f00000, 0x00000000c5e00000| Untracked 
|  53|0x00000000c5f00000, 0x00000000c6000000, 0x00000000c6000000|100%| O|  |TAMS 0x00000000c6000000, 0x00000000c5f00000| Untracked 
|  54|0x00000000c6000000, 0x00000000c6100000, 0x00000000c6100000|100%| O|  |TAMS 0x00000000c6100000, 0x00000000c6000000| Untracked 
|  55|0x00000000c6100000, 0x00000000c6200000, 0x00000000c6200000|100%| O|  |TAMS 0x00000000c6200000, 0x00000000c6100000| Untracked 
|  56|0x00000000c6200000, 0x00000000c6300000, 0x00000000c6300000|100%| O|  |TAMS 0x00000000c6300000, 0x00000000c6200000| Untracked 
|  57|0x00000000c6300000, 0x00000000c6400000, 0x00000000c6400000|100%| O|  |TAMS 0x00000000c633f200, 0x00000000c6300000| Untracked 
|  58|0x00000000c6400000, 0x00000000c6500000, 0x00000000c6500000|100%| O|  |TAMS 0x00000000c6400000, 0x00000000c6400000| Untracked 
|  59|0x00000000c6500000, 0x00000000c6600000, 0x00000000c6600000|100%| O|  |TAMS 0x00000000c6500000, 0x00000000c6500000| Untracked 
|  60|0x00000000c6600000, 0x00000000c6600000, 0x00000000c6700000|  0%| F|  |TAMS 0x00000000c6600000, 0x00000000c6600000| Untracked 
|  61|0x00000000c6700000, 0x00000000c6700000, 0x00000000c6800000|  0%| F|  |TAMS 0x00000000c6700000, 0x00000000c6700000| Untracked 
|  62|0x00000000c6800000, 0x00000000c6800000, 0x00000000c6900000|  0%| F|  |TAMS 0x00000000c6800000, 0x00000000c6800000| Untracked 
|  63|0x00000000c6900000, 0x00000000c6900000, 0x00000000c6a00000|  0%| F|  |TAMS 0x00000000c6900000, 0x00000000c6900000| Untracked 
|  64|0x00000000c6a00000, 0x00000000c6a00000, 0x00000000c6b00000|  0%| F|  |TAMS 0x00000000c6a00000, 0x00000000c6a00000| Untracked 
|  65|0x00000000c6b00000, 0x00000000c6b00000, 0x00000000c6c00000|  0%| F|  |TAMS 0x00000000c6b00000, 0x00000000c6b00000| Untracked 
|  66|0x00000000c6c00000, 0x00000000c6c00000, 0x00000000c6d00000|  0%| F|  |TAMS 0x00000000c6c00000, 0x00000000c6c00000| Untracked 
|  67|0x00000000c6d00000, 0x00000000c6d00000, 0x00000000c6e00000|  0%| F|  |TAMS 0x00000000c6d00000, 0x00000000c6d00000| Untracked 
|  68|0x00000000c6e00000, 0x00000000c6e00000, 0x00000000c6f00000|  0%| F|  |TAMS 0x00000000c6e00000, 0x00000000c6e00000| Untracked 
|  69|0x00000000c6f00000, 0x00000000c6f00000, 0x00000000c7000000|  0%| F|  |TAMS 0x00000000c6f00000, 0x00000000c6f00000| Untracked 
|  70|0x00000000c7000000, 0x00000000c7000000, 0x00000000c7100000|  0%| F|  |TAMS 0x00000000c7000000, 0x00000000c7000000| Untracked 
|  71|0x00000000c7100000, 0x00000000c7100000, 0x00000000c7200000|  0%| F|  |TAMS 0x00000000c7100000, 0x00000000c7100000| Untracked 
|  72|0x00000000c7200000, 0x00000000c7200000, 0x00000000c7300000|  0%| F|  |TAMS 0x00000000c7200000, 0x00000000c7200000| Untracked 
|  73|0x00000000c7300000, 0x00000000c7300000, 0x00000000c7400000|  0%| F|  |TAMS 0x00000000c7300000, 0x00000000c7300000| Untracked 
|  74|0x00000000c7400000, 0x00000000c7400000, 0x00000000c7500000|  0%| F|  |TAMS 0x00000000c7400000, 0x00000000c7400000| Untracked 
|  75|0x00000000c7500000, 0x00000000c7500000, 0x00000000c7600000|  0%| F|  |TAMS 0x00000000c7500000, 0x00000000c7500000| Untracked 
|  76|0x00000000c7600000, 0x00000000c7600000, 0x00000000c7700000|  0%| F|  |TAMS 0x00000000c7600000, 0x00000000c7600000| Untracked 
|  77|0x00000000c7700000, 0x00000000c7700000, 0x00000000c7800000|  0%| F|  |TAMS 0x00000000c7700000, 0x00000000c7700000| Untracked 
|  78|0x00000000c7800000, 0x00000000c7800000, 0x00000000c7900000|  0%| F|  |TAMS 0x00000000c7800000, 0x00000000c7800000| Untracked 
|  79|0x00000000c7900000, 0x00000000c7900000, 0x00000000c7a00000|  0%| F|  |TAMS 0x00000000c7900000, 0x00000000c7900000| Untracked 
|  80|0x00000000c7a00000, 0x00000000c7a00000, 0x00000000c7b00000|  0%| F|  |TAMS 0x00000000c7a00000, 0x00000000c7a00000| Untracked 
|  81|0x00000000c7b00000, 0x00000000c7b00000, 0x00000000c7c00000|  0%| F|  |TAMS 0x00000000c7b00000, 0x00000000c7b00000| Untracked 
|  82|0x00000000c7c00000, 0x00000000c7c00000, 0x00000000c7d00000|  0%| F|  |TAMS 0x00000000c7c00000, 0x00000000c7c00000| Untracked 
|  83|0x00000000c7d00000, 0x00000000c7d00000, 0x00000000c7e00000|  0%| F|  |TAMS 0x00000000c7d00000, 0x00000000c7d00000| Untracked 
|  84|0x00000000c7e00000, 0x00000000c7e00000, 0x00000000c7f00000|  0%| F|  |TAMS 0x00000000c7e00000, 0x00000000c7e00000| Untracked 
|  85|0x00000000c7f00000, 0x00000000c7f00000, 0x00000000c8000000|  0%| F|  |TAMS 0x00000000c7f00000, 0x00000000c7f00000| Untracked 
|  86|0x00000000c8000000, 0x00000000c8000000, 0x00000000c8100000|  0%| F|  |TAMS 0x00000000c8000000, 0x00000000c8000000| Untracked 
|  87|0x00000000c8100000, 0x00000000c8100000, 0x00000000c8200000|  0%| F|  |TAMS 0x00000000c8100000, 0x00000000c8100000| Untracked 
|  88|0x00000000c8200000, 0x00000000c8200000, 0x00000000c8300000|  0%| F|  |TAMS 0x00000000c8200000, 0x00000000c8200000| Untracked 
|  89|0x00000000c8300000, 0x00000000c8300000, 0x00000000c8400000|  0%| F|  |TAMS 0x00000000c8300000, 0x00000000c8300000| Untracked 
|  90|0x00000000c8400000, 0x00000000c8400000, 0x00000000c8500000|  0%| F|  |TAMS 0x00000000c8400000, 0x00000000c8400000| Untracked 
|  91|0x00000000c8500000, 0x00000000c8500000, 0x00000000c8600000|  0%| F|  |TAMS 0x00000000c8500000, 0x00000000c8500000| Untracked 
|  92|0x00000000c8600000, 0x00000000c8600000, 0x00000000c8700000|  0%| F|  |TAMS 0x00000000c8600000, 0x00000000c8600000| Untracked 
|  93|0x00000000c8700000, 0x00000000c8700000, 0x00000000c8800000|  0%| F|  |TAMS 0x00000000c8700000, 0x00000000c8700000| Untracked 
|  94|0x00000000c8800000, 0x00000000c8800000, 0x00000000c8900000|  0%| F|  |TAMS 0x00000000c8800000, 0x00000000c8800000| Untracked 
|  95|0x00000000c8900000, 0x00000000c8900000, 0x00000000c8a00000|  0%| F|  |TAMS 0x00000000c8900000, 0x00000000c8900000| Untracked 
|  96|0x00000000c8a00000, 0x00000000c8a00000, 0x00000000c8b00000|  0%| F|  |TAMS 0x00000000c8a00000, 0x00000000c8a00000| Untracked 
|  97|0x00000000c8b00000, 0x00000000c8b00000, 0x00000000c8c00000|  0%| F|  |TAMS 0x00000000c8b00000, 0x00000000c8b00000| Untracked 
|  98|0x00000000c8c00000, 0x00000000c8c00000, 0x00000000c8d00000|  0%| F|  |TAMS 0x00000000c8c00000, 0x00000000c8c00000| Untracked 
|  99|0x00000000c8d00000, 0x00000000c8d00000, 0x00000000c8e00000|  0%| F|  |TAMS 0x00000000c8d00000, 0x00000000c8d00000| Untracked 
| 100|0x00000000c8e00000, 0x00000000c8e00000, 0x00000000c8f00000|  0%| F|  |TAMS 0x00000000c8e00000, 0x00000000c8e00000| Untracked 
| 101|0x00000000c8f00000, 0x00000000c8f00000, 0x00000000c9000000|  0%| F|  |TAMS 0x00000000c8f00000, 0x00000000c8f00000| Untracked 
| 102|0x00000000c9000000, 0x00000000c9000000, 0x00000000c9100000|  0%| F|  |TAMS 0x00000000c9000000, 0x00000000c9000000| Untracked 
| 103|0x00000000c9100000, 0x00000000c9100000, 0x00000000c9200000|  0%| F|  |TAMS 0x00000000c9100000, 0x00000000c9100000| Untracked 
| 104|0x00000000c9200000, 0x00000000c9200000, 0x00000000c9300000|  0%| F|  |TAMS 0x00000000c9200000, 0x00000000c9200000| Untracked 
| 105|0x00000000c9300000, 0x00000000c9300000, 0x00000000c9400000|  0%| F|  |TAMS 0x00000000c9300000, 0x00000000c9300000| Untracked 
| 106|0x00000000c9400000, 0x00000000c94656a0, 0x00000000c9500000| 39%| S|CS|TAMS 0x00000000c9400000, 0x00000000c9400000| Complete 
| 107|0x00000000c9500000, 0x00000000c9500000, 0x00000000c9600000|  0%| F|  |TAMS 0x00000000c9500000, 0x00000000c9500000| Untracked 
| 108|0x00000000c9600000, 0x00000000c9600000, 0x00000000c9700000|  0%| F|  |TAMS 0x00000000c9600000, 0x00000000c9600000| Untracked 

Card table byte_map: [0x0000019c1c350000,0x0000019c1c540000] _byte_map_base: 0x0000019c1bd3b000

Marking Bits (Prev, Next): (CMBitMap*) 0x0000019c03425a00, (CMBitMap*) 0x0000019c034259c0
 Prev Bits: [0x0000019c1d690000, 0x0000019c1e5e8000)
 Next Bits: [0x0000019c1c730000, 0x0000019c1d688000)

Polling page: 0x0000019c03490000

Metaspace:

Usage:
  Non-class:     72.74 MB used.
      Class:     11.19 MB used.
       Both:     83.93 MB used.

Virtual space:
  Non-class space:      128.00 MB reserved,      73.12 MB ( 57%) committed,  2 nodes.
      Class space:        1.00 GB reserved,      11.56 MB (  1%) committed,  1 nodes.
             Both:        1.12 GB reserved,      84.69 MB (  7%) committed. 

Chunk freelists:
   Non-Class:  1.98 MB
       Class:  441.00 KB
        Both:  2.42 MB

MaxMetaspaceSize: unlimited
CompressedClassSpaceSize: 1.00 GB
Initial GC threshold: 21.00 MB
Current GC threshold: 138.12 MB
CDS: on
MetaspaceReclaimPolicy: balanced
 - commit_granule_bytes: 65536.
 - commit_granule_words: 8192.
 - virtual_space_node_default_size: 8388608.
 - enlarge_chunks_in_place: 1.
 - new_chunks_are_fully_committed: 0.
 - uncommit_free_chunks: 1.
 - use_allocation_guard: 0.


Internal statistics:

num_allocs_failed_limit: 12.
num_arena_births: 1194.
num_arena_deaths: 0.
num_vsnodes_births: 3.
num_vsnodes_deaths: 0.
num_space_committed: 1355.
num_space_uncommitted: 0.
num_chunks_returned_to_freelist: 12.
num_chunks_taken_from_freelist: 4162.
num_chunk_merges: 9.
num_chunk_splits: 3100.
num_chunks_enlarged: 2546.
num_inconsistent_stats: 0.

CodeHeap 'non-profiled nmethods': size=120000Kb used=5154Kb max_used=5154Kb free=114845Kb
 bounds [0x0000019c14610000, 0x0000019c14b20000, 0x0000019c1bb40000]
CodeHeap 'profiled nmethods': size=120000Kb used=16219Kb max_used=16348Kb free=103780Kb
 bounds [0x0000019c0cb40000, 0x0000019c0db40000, 0x0000019c14070000]
CodeHeap 'non-nmethods': size=5760Kb used=1489Kb max_used=1566Kb free=4270Kb
 bounds [0x0000019c14070000, 0x0000019c142e0000, 0x0000019c14610000]
 total_blobs=9128 nmethods=8381 adapters=656
 compilation: enabled
              stopped_count=0, restarted_count=0
 full_count=0

Compilation events (20 events):
Event: 31.604 Thread 0x0000019c20bb1280 10116       2       org.springframework.beans.factory.support.DefaultListableBeanFactory::isAutowireCandidate (114 bytes)
Event: 31.605 Thread 0x0000019c20bb1280 nmethod 10116 0x0000019c0ccc8390 code [0x0000019c0ccc8620, 0x0000019c0ccc8e68]
Event: 31.605 Thread 0x0000019c20bb1280 10117       2       org.springframework.beans.factory.config.DependencyDescriptor::<init> (74 bytes)
Event: 31.606 Thread 0x0000019c20bb1280 nmethod 10117 0x0000019c0ccc7a90 code [0x0000019c0ccc7ca0, 0x0000019c0ccc8178]
Event: 31.608 Thread 0x0000019c20bb1280 10118       2       org.springframework.beans.factory.InjectionPoint::<init> (47 bytes)
Event: 31.609 Thread 0x0000019c20bb1280 nmethod 10118 0x0000019c0cf35d90 code [0x0000019c0cf35f40, 0x0000019c0cf36228]
Event: 31.610 Thread 0x0000019c20bb1280 10119   !   3       jdk.proxy2.$Proxy75::annotationType (29 bytes)
Event: 31.610 Thread 0x0000019c20bb1280 nmethod 10119 0x0000019c0ccc7310 code [0x0000019c0ccc74e0, 0x0000019c0ccc78d8]
Event: 31.612 Thread 0x0000019c20bb1280 10120       2       java.lang.invoke.MethodHandle::asCollectorChecks (75 bytes)
Event: 31.612 Thread 0x0000019c20bb1280 nmethod 10120 0x0000019c0cd10510 code [0x0000019c0cd10700, 0x0000019c0cd109f8]
Event: 31.614 Thread 0x0000019c20bb1280 10121       2       java.lang.invoke.MethodHandles$Lookup::findVirtual (91 bytes)
Event: 31.614 Thread 0x0000019c20bb1280 nmethod 10121 0x0000019c0cd0fa90 code [0x0000019c0cd0fcc0, 0x0000019c0cd101c8]
Event: 31.614 Thread 0x0000019c20bb1280 10122   !   3       org.springframework.util.ReflectionUtils::getDeclaredFields (78 bytes)
Event: 31.615 Thread 0x0000019c20bb1280 nmethod 10122 0x0000019c0cd0ea90 code [0x0000019c0cd0ed00, 0x0000019c0cd0f648]
Event: 31.615 Thread 0x0000019c20bb1280 10123   !   2       org.springframework.aop.framework.autoproxy.AbstractAdvisorAutoProxyCreator::findEligibleAdvisors (58 bytes)
Event: 31.616 Thread 0x0000019c20bb1280 nmethod 10123 0x0000019c0cd0df90 code [0x0000019c0cd0e1c0, 0x0000019c0cd0e658]
Event: 31.622 Thread 0x0000019c20bb1280 10124   !   2       jdk.proxy2.$Proxy25::annotationType (29 bytes)
Event: 31.622 Thread 0x0000019c20bb1280 nmethod 10124 0x0000019c0cd0d990 code [0x0000019c0cd0db60, 0x0000019c0cd0ddd8]
Event: 31.622 Thread 0x0000019c20bb1280 10125       2       org.springframework.data.web.config.ProjectingArgumentResolverRegistrar$ProjectingArgumentResolverBeanPostProcessor::postProcessAfterInitialization (96 bytes)
Event: 31.623 Thread 0x0000019c20bb1280 nmethod 10125 0x0000019c0d8e8490 code [0x0000019c0d8e8720, 0x0000019c0d8e90f8]

GC Heap History (20 events):
Event: 27.489 GC heap after
{Heap after GC invocations=23 (full 0):
 garbage-first heap   total 109568K, used 40124K [0x00000000c2a00000, 0x0000000100000000)
  region size 1024K, 4 young (4096K), 4 survivors (4096K)
 Metaspace       used 75833K, committed 76544K, reserved 1179648K
  class space    used 10098K, committed 10432K, reserved 1048576K
}
Event: 27.734 GC heap before
{Heap before GC invocations=23 (full 0):
 garbage-first heap   total 109568K, used 87228K [0x00000000c2a00000, 0x0000000100000000)
  region size 1024K, 50 young (51200K), 4 survivors (4096K)
 Metaspace       used 75833K, committed 76544K, reserved 1179648K
  class space    used 10098K, committed 10432K, reserved 1048576K
}
Event: 27.764 GC heap after
{Heap after GC invocations=24 (full 0):
 garbage-first heap   total 109568K, used 54021K [0x00000000c2a00000, 0x0000000100000000)
  region size 1024K, 7 young (7168K), 7 survivors (7168K)
 Metaspace       used 75833K, committed 76544K, reserved 1179648K
  class space    used 10098K, committed 10432K, reserved 1048576K
}
Event: 28.014 GC heap before
{Heap before GC invocations=24 (full 0):
 garbage-first heap   total 109568K, used 82693K [0x00000000c2a00000, 0x0000000100000000)
  region size 1024K, 36 young (36864K), 7 survivors (7168K)
 Metaspace       used 77795K, committed 78464K, reserved 1179648K
  class space    used 10372K, committed 10688K, reserved 1048576K
}
Event: 28.026 GC heap after
{Heap after GC invocations=25 (full 0):
 garbage-first heap   total 109568K, used 56959K [0x00000000c2a00000, 0x0000000100000000)
  region size 1024K, 3 young (3072K), 3 survivors (3072K)
 Metaspace       used 77795K, committed 78464K, reserved 1179648K
  class space    used 10372K, committed 10688K, reserved 1048576K
}
Event: 28.613 GC heap before
{Heap before GC invocations=26 (full 0):
 garbage-first heap   total 111616K, used 84607K [0x00000000c2a00000, 0x0000000100000000)
  region size 1024K, 30 young (30720K), 3 survivors (3072K)
 Metaspace       used 78257K, committed 78912K, reserved 1179648K
  class space    used 10433K, committed 10752K, reserved 1048576K
}
Event: 28.617 GC heap after
{Heap after GC invocations=27 (full 0):
 garbage-first heap   total 111616K, used 57672K [0x00000000c2a00000, 0x0000000100000000)
  region size 1024K, 3 young (3072K), 3 survivors (3072K)
 Metaspace       used 78257K, committed 78912K, reserved 1179648K
  class space    used 10433K, committed 10752K, reserved 1048576K
}
Event: 28.624 GC heap before
{Heap before GC invocations=27 (full 0):
 garbage-first heap   total 111616K, used 59720K [0x00000000c2a00000, 0x0000000100000000)
  region size 1024K, 5 young (5120K), 3 survivors (3072K)
 Metaspace       used 78257K, committed 78912K, reserved 1179648K
  class space    used 10433K, committed 10752K, reserved 1048576K
}
Event: 28.630 GC heap after
{Heap after GC invocations=28 (full 0):
 garbage-first heap   total 111616K, used 57830K [0x00000000c2a00000, 0x0000000100000000)
  region size 1024K, 1 young (1024K), 1 survivors (1024K)
 Metaspace       used 78257K, committed 78912K, reserved 1179648K
  class space    used 10433K, committed 10752K, reserved 1048576K
}
Event: 28.964 GC heap before
{Heap before GC invocations=28 (full 0):
 garbage-first heap   total 111616K, used 88550K [0x00000000c2a00000, 0x0000000100000000)
  region size 1024K, 31 young (31744K), 1 survivors (1024K)
 Metaspace       used 78343K, committed 79040K, reserved 1179648K
  class space    used 10465K, committed 10816K, reserved 1048576K
}
Event: 28.966 GC heap after
{Heap after GC invocations=29 (full 0):
 garbage-first heap   total 111616K, used 58615K [0x00000000c2a00000, 0x0000000100000000)
  region size 1024K, 2 young (2048K), 2 survivors (2048K)
 Metaspace       used 78343K, committed 79040K, reserved 1179648K
  class space    used 10465K, committed 10816K, reserved 1048576K
}
Event: 29.576 GC heap before
{Heap before GC invocations=29 (full 0):
 garbage-first heap   total 111616K, used 89335K [0x00000000c2a00000, 0x0000000100000000)
  region size 1024K, 32 young (32768K), 2 survivors (2048K)
 Metaspace       used 80158K, committed 80896K, reserved 1179648K
  class space    used 10667K, committed 11008K, reserved 1048576K
}
Event: 29.581 GC heap after
{Heap after GC invocations=30 (full 0):
 garbage-first heap   total 111616K, used 60567K [0x00000000c2a00000, 0x0000000100000000)
  region size 1024K, 4 young (4096K), 4 survivors (4096K)
 Metaspace       used 80158K, committed 80896K, reserved 1179648K
  class space    used 10667K, committed 11008K, reserved 1048576K
}
Event: 30.138 GC heap before
{Heap before GC invocations=30 (full 0):
 garbage-first heap   total 111616K, used 90263K [0x00000000c2a00000, 0x0000000100000000)
  region size 1024K, 33 young (33792K), 4 survivors (4096K)
 Metaspace       used 81284K, committed 81984K, reserved 1179648K
  class space    used 10789K, committed 11136K, reserved 1048576K
}
Event: 30.146 GC heap after
{Heap after GC invocations=31 (full 0):
 garbage-first heap   total 111616K, used 62541K [0x00000000c2a00000, 0x0000000100000000)
  region size 1024K, 4 young (4096K), 4 survivors (4096K)
 Metaspace       used 81284K, committed 81984K, reserved 1179648K
  class space    used 10789K, committed 11136K, reserved 1048576K
}
Event: 30.836 GC heap before
{Heap before GC invocations=31 (full 0):
 garbage-first heap   total 111616K, used 91213K [0x00000000c2a00000, 0x0000000100000000)
  region size 1024K, 32 young (32768K), 4 survivors (4096K)
 Metaspace       used 83906K, committed 84672K, reserved 1179648K
  class space    used 11165K, committed 11520K, reserved 1048576K
}
Event: 30.847 GC heap after
{Heap after GC invocations=32 (full 0):
 garbage-first heap   total 111616K, used 64668K [0x00000000c2a00000, 0x0000000100000000)
  region size 1024K, 4 young (4096K), 4 survivors (4096K)
 Metaspace       used 83906K, committed 84672K, reserved 1179648K
  class space    used 11165K, committed 11520K, reserved 1048576K
}
Event: 31.578 GC heap before
{Heap before GC invocations=33 (full 0):
 garbage-first heap   total 111616K, used 84124K [0x00000000c2a00000, 0x0000000100000000)
  region size 1024K, 31 young (31744K), 4 survivors (4096K)
 Metaspace       used 85850K, committed 86592K, reserved 1179648K
  class space    used 11440K, committed 11776K, reserved 1048576K
}
Event: 31.590 GC heap after
{Heap after GC invocations=34 (full 0):
 garbage-first heap   total 111616K, used 58846K [0x00000000c2a00000, 0x0000000100000000)
  region size 1024K, 3 young (3072K), 3 survivors (3072K)
 Metaspace       used 85850K, committed 86592K, reserved 1179648K
  class space    used 11440K, committed 11776K, reserved 1048576K
}
Event: 31.632 GC heap before
{Heap before GC invocations=34 (full 0):
 garbage-first heap   total 111616K, used 60894K [0x00000000c2a00000, 0x0000000100000000)
  region size 1024K, 5 young (5120K), 3 survivors (3072K)
 Metaspace       used 85941K, committed 86720K, reserved 1179648K
  class space    used 11455K, committed 11840K, reserved 1048576K
}

Dll operation events (14 events):
Event: 0.017 Loaded shared library C:\Program Files\Java\jdk-19\bin\java.dll
Event: 0.029 Loaded shared library C:\Program Files\Java\jdk-19\bin\jsvml.dll
Event: 0.254 Loaded shared library C:\Program Files\Java\jdk-19\bin\zip.dll
Event: 0.262 Loaded shared library C:\Program Files\Java\jdk-19\bin\instrument.dll
Event: 0.275 Loaded shared library C:\Program Files\Java\jdk-19\bin\net.dll
Event: 0.279 Loaded shared library C:\Program Files\Java\jdk-19\bin\nio.dll
Event: 0.285 Loaded shared library C:\Program Files\Java\jdk-19\bin\zip.dll
Event: 0.800 Loaded shared library E:\New folder\IntelliJ IDEA Community Edition 2023.1\bin\breakgen64.dll
Event: 0.813 Loaded shared library C:\Program Files\Java\jdk-19\bin\extnet.dll
Event: 0.873 Loaded shared library C:\Program Files\Java\jdk-19\bin\jimage.dll
Event: 3.827 Loaded shared library C:\Program Files\Java\jdk-19\bin\sunmscapi.dll
Event: 8.397 Loaded shared library C:\Program Files\Java\jdk-19\bin\management.dll
Event: 8.400 Loaded shared library C:\Program Files\Java\jdk-19\bin\management_ext.dll
Event: 9.525 Loaded shared library C:\Program Files\Java\jdk-19\bin\verify.dll

Deoptimization events (20 events):
Event: 31.563 Thread 0x0000019c033e4310 Uncommon trap: trap_request=0xffffff45 fr.pc=0x0000019c146b8660 relative=0x0000000000001080
Event: 31.563 Thread 0x0000019c033e4310 Uncommon trap: reason=unstable_if action=reinterpret pc=0x0000019c146b8660 method=java.util.concurrent.ConcurrentHashMap.transfer([Ljava/util/concurrent/ConcurrentHashMap$Node;[Ljava/util/concurrent/ConcurrentHashMap$Node;)V @ 352 c2
Event: 31.563 Thread 0x0000019c033e4310 DEOPT PACKING pc=0x0000019c146b8660 sp=0x00000054a73fe2a0
Event: 31.563 Thread 0x0000019c033e4310 DEOPT UNPACKING pc=0x0000019c140d6da3 sp=0x00000054a73fe208 mode 2
Event: 31.598 Thread 0x0000019c033e4310 Uncommon trap: trap_request=0xffffffc6 fr.pc=0x0000019c1464d488 relative=0x00000000000002c8
Event: 31.598 Thread 0x0000019c033e4310 Uncommon trap: reason=bimorphic_or_optimized_type_check action=maybe_recompile pc=0x0000019c1464d488 method=java.util.stream.AbstractPipeline.spliterator()Ljava/util/Spliterator; @ 112 c2
Event: 31.598 Thread 0x0000019c033e4310 DEOPT PACKING pc=0x0000019c1464d488 sp=0x00000054a73fe210
Event: 31.598 Thread 0x0000019c033e4310 DEOPT UNPACKING pc=0x0000019c140d6da3 sp=0x00000054a73fe1b8 mode 2
Event: 31.603 Thread 0x0000019c033e4310 Uncommon trap: trap_request=0xffffffc6 fr.pc=0x0000019c1464d488 relative=0x00000000000002c8
Event: 31.603 Thread 0x0000019c033e4310 Uncommon trap: reason=bimorphic_or_optimized_type_check action=maybe_recompile pc=0x0000019c1464d488 method=java.util.stream.AbstractPipeline.spliterator()Ljava/util/Spliterator; @ 112 c2
Event: 31.603 Thread 0x0000019c033e4310 DEOPT PACKING pc=0x0000019c1464d488 sp=0x00000054a73fe230
Event: 31.603 Thread 0x0000019c033e4310 DEOPT UNPACKING pc=0x0000019c140d6da3 sp=0x00000054a73fe1d8 mode 2
Event: 31.608 Thread 0x0000019c033e4310 Uncommon trap: trap_request=0xffffffc6 fr.pc=0x0000019c1464d488 relative=0x00000000000002c8
Event: 31.608 Thread 0x0000019c033e4310 Uncommon trap: reason=bimorphic_or_optimized_type_check action=maybe_recompile pc=0x0000019c1464d488 method=java.util.stream.AbstractPipeline.spliterator()Ljava/util/Spliterator; @ 112 c2
Event: 31.608 Thread 0x0000019c033e4310 DEOPT PACKING pc=0x0000019c1464d488 sp=0x00000054a73fe2e0
Event: 31.608 Thread 0x0000019c033e4310 DEOPT UNPACKING pc=0x0000019c140d6da3 sp=0x00000054a73fe288 mode 2
Event: 31.612 Thread 0x0000019c033e4310 Uncommon trap: trap_request=0xffffffde fr.pc=0x0000019c148c8608 relative=0x0000000000000168
Event: 31.612 Thread 0x0000019c033e4310 Uncommon trap: reason=class_check action=maybe_recompile pc=0x0000019c148c8608 method=java.lang.reflect.Method.equals(Ljava/lang/Object;)Z @ 1 c2
Event: 31.612 Thread 0x0000019c033e4310 DEOPT PACKING pc=0x0000019c148c8608 sp=0x00000054a73fe440
Event: 31.612 Thread 0x0000019c033e4310 DEOPT UNPACKING pc=0x0000019c140d6da3 sp=0x00000054a73fe3c8 mode 2

Classes loaded (20 events):
Event: 29.528 Loading class java/util/concurrent/Semaphore
Event: 29.529 Loading class java/util/concurrent/Semaphore done
Event: 29.857 Loading class java/util/EnumMap$EntrySet
Event: 29.858 Loading class java/util/EnumMap$EntrySet done
Event: 29.858 Loading class java/util/EnumMap$EntryIterator
Event: 29.858 Loading class java/util/EnumMap$EnumMapIterator
Event: 29.858 Loading class java/util/EnumMap$EnumMapIterator done
Event: 29.858 Loading class java/util/EnumMap$EntryIterator done
Event: 29.969 Loading class java/lang/invoke/BoundMethodHandle$Species_LLLLLLLLLL
Event: 29.969 Loading class java/lang/invoke/BoundMethodHandle$Species_LLLLLLLLLL done
Event: 30.763 Loading class java/util/Comparators$NullComparator
Event: 30.763 Loading class java/util/Comparators$NullComparator done
Event: 30.763 Loading class java/util/EnumMap$Values
Event: 30.764 Loading class java/util/EnumMap$Values done
Event: 30.764 Loading class java/util/EnumMap$ValueIterator
Event: 30.764 Loading class java/util/EnumMap$ValueIterator done
Event: 31.376 Loading class java/util/Base64
Event: 31.376 Loading class java/util/Base64 done
Event: 31.376 Loading class java/util/Base64$Encoder
Event: 31.377 Loading class java/util/Base64$Encoder done

Classes unloaded (0 events):
No events

Classes redefined (0 events):
No events

Internal exceptions (20 events):
Event: 25.786 Thread 0x0000019c033e4310 Implicit null exception at 0x0000019c1489b460 to 0x0000019c1489b670
Event: 25.858 Thread 0x0000019c033e4310 Exception <a 'java/lang/IncompatibleClassChangeError'{0x00000000c5f4b560}: Found class java.lang.Object, but interface was expected> (0x00000000c5f4b560) 
thrown [s\open\src\hotspot\share\interpreter\linkResolver.cpp, line 841]
Event: 25.867 Thread 0x0000019c033e4310 Implicit null exception at 0x0000019c14851a80 to 0x0000019c14854400
Event: 25.875 Thread 0x0000019c033e4310 Exception <a 'java/lang/IncompatibleClassChangeError'{0x00000000c5ff8f18}: Found class java.lang.Object, but interface was expected> (0x00000000c5ff8f18) 
thrown [s\open\src\hotspot\share\interpreter\linkResolver.cpp, line 841]
Event: 25.928 Thread 0x0000019c033e4310 Exception <a 'java/lang/IncompatibleClassChangeError'{0x00000000c5db6bf0}: Found class java.lang.Object, but interface was expected> (0x00000000c5db6bf0) 
thrown [s\open\src\hotspot\share\interpreter\linkResolver.cpp, line 841]
Event: 26.239 Thread 0x0000019c033e4310 Exception <a 'java/lang/IncompatibleClassChangeError'{0x00000000c9151590}: Found class java.lang.Object, but interface was expected> (0x00000000c9151590) 
thrown [s\open\src\hotspot\share\interpreter\linkResolver.cpp, line 841]
Event: 28.132 Thread 0x0000019c033e4310 Exception <a 'java/lang/IncompatibleClassChangeError'{0x00000000c8e51ad0}: Found class java.lang.Object, but interface was expected> (0x00000000c8e51ad0) 
thrown [s\open\src\hotspot\share\interpreter\linkResolver.cpp, line 841]
Event: 28.149 Thread 0x0000019c033e4310 Exception <a 'java/lang/NoSuchMethodError'{0x00000000c8ebe338}: 'java.lang.Object java.lang.invoke.DirectMethodHandle$Holder.invokeStatic(java.lang.Object, int, java.lang.Object)'> (0x00000000c8ebe338) 
thrown [s\open\src\hotspot\share\interpreter\linkResolver.cpp, line 774]
Event: 29.677 Thread 0x0000019c033e4310 Exception <a 'sun/nio/fs/WindowsException'{0x00000000c90941d8}> (0x00000000c90941d8) 
thrown [s\open\src\hotspot\share\prims\jni.cpp, line 517]
Event: 29.679 Thread 0x0000019c033e4310 Exception <a 'sun/nio/fs/WindowsException'{0x00000000c909cb40}> (0x00000000c909cb40) 
thrown [s\open\src\hotspot\share\prims\jni.cpp, line 517]
Event: 29.966 Thread 0x0000019c033e4310 Exception <a 'java/lang/NoSuchMethodError'{0x00000000c85759a8}: 'java.lang.Object java.lang.invoke.DirectMethodHandle$Holder.newInvokeSpecial(java.lang.Object, java.lang.Object, java.lang.Object, java.lang.Object, java.lang.Object, java.lang.Object, java.lang.Object, java.lang.Object, java.lang.Object, java.lang.Object)'> (0x00000000c85759a8) 
thrown [s\open\src\hotspot\share\interpreter\linkResolver.cpp, line 774]
Event: 29.970 Thread 0x0000019c033e4310 Exception <a 'java/lang/NoSuchMethodError'{0x00000000c85b8840}: 'java.lang.Object java.lang.invoke.DirectMethodHandle$Holder.invokeStatic(java.lang.Object, java.lang.Object, java.lang.Object, java.lang.Object, java.lang.Object, java.lang.Object, java.lang.Object, java.lang.Object, java.lang.Object, java.lang.Object, java.lang.Object, java.lang.Object, java.lang.Object)'> (0x00000000c85b8840) 
thrown [s\open\src\hotspot\share\interpreter\linkResolver.cpp, line 774]
Event: 30.111 Thread 0x0000019c033e4310 Exception <a 'java/io/FileNotFoundException'{0x00000000c7debdf0}> (0x00000000c7debdf0) 
thrown [s\open\src\hotspot\share\prims\jni.cpp, line 517]
Event: 30.111 Thread 0x0000019c033e4310 Exception <a 'java/io/FileNotFoundException'{0x00000000c7df5df0}> (0x00000000c7df5df0) 
thrown [s\open\src\hotspot\share\prims\jni.cpp, line 517]
Event: 30.525 Thread 0x0000019c033e4310 Exception <a 'java/lang/NoSuchMethodError'{0x00000000c8772e08}: 'java.lang.Object java.lang.invoke.DirectMethodHandle$Holder.newInvokeSpecial(java.lang.Object, java.lang.Object, java.lang.Object, java.lang.Object, java.lang.Object, java.lang.Object, java.lang.Object, java.lang.Object)'> (0x00000000c8772e08) 
thrown [s\open\src\hotspot\share\interpreter\linkResolver.cpp, line 774]
Event: 30.982 Thread 0x0000019c033e4310 Implicit null exception at 0x0000019c149993e4 to 0x0000019c14999898
Event: 31.186 Thread 0x0000019c033e4310 Exception <a 'java/lang/IncompatibleClassChangeError'{0x00000000c8d897a0}: Found class java.lang.Object, but interface was expected> (0x00000000c8d897a0) 
thrown [s\open\src\hotspot\share\interpreter\linkResolver.cpp, line 841]
Event: 31.253 Thread 0x0000019c033e4310 Exception <a 'java/lang/NoSuchMethodError'{0x00000000c8ba4ae0}: 'java.lang.Object java.lang.invoke.DirectMethodHandle$Holder.invokeVirtual(java.lang.Object, java.lang.Object, java.lang.Object, java.lang.Object, java.lang.Object, java.lang.Object, java.lang.Object)'> (0x00000000c8ba4ae0) 
thrown [s\open\src\hotspot\share\interpreter\linkResolver.cpp, line 774]
Event: 31.493 Thread 0x0000019c033e4310 Exception <a 'java/lang/NoSuchMethodError'{0x00000000c80d2240}: 'java.lang.Object java.lang.invoke.DirectMethodHandle$Holder.invokeVirtual(java.lang.Object, java.lang.Object, java.lang.Object, java.lang.Object, java.lang.Object, java.lang.Object, java.lang.Object, java.lang.Object)'> (0x00000000c80d2240) 
thrown [s\open\src\hotspot\share\interpreter\linkResolver.cpp, line 774]
Event: 31.522 Thread 0x0000019c033e4310 Exception <a 'java/lang/NoSuchMethodError'{0x00000000c7fbe0e0}: 'java.lang.Object java.lang.invoke.DirectMethodHandle$Holder.invokeInterface(java.lang.Object, java.lang.Object, java.lang.Object, java.lang.Object)'> (0x00000000c7fbe0e0) 
thrown [s\open\src\hotspot\share\interpreter\linkResolver.cpp, line 774]

VM Operations (20 events):
Event: 29.557 Executing VM operation: HandshakeAllThreads done
Event: 29.576 Executing VM operation: G1CollectForAllocation
Event: 29.581 Executing VM operation: G1CollectForAllocation done
Event: 30.138 Executing VM operation: G1CollectForAllocation
Event: 30.146 Executing VM operation: G1CollectForAllocation done
Event: 30.835 Executing VM operation: G1CollectForAllocation
Event: 30.847 Executing VM operation: G1CollectForAllocation done
Event: 30.923 Executing VM operation: HandshakeAllThreads
Event: 30.923 Executing VM operation: HandshakeAllThreads done
Event: 30.973 Executing VM operation: G1PauseRemark
Event: 30.978 Executing VM operation: G1PauseRemark done
Event: 31.012 Executing VM operation: HandshakeAllThreads
Event: 31.012 Executing VM operation: HandshakeAllThreads done
Event: 31.013 Executing VM operation: HandshakeAllThreads
Event: 31.013 Executing VM operation: HandshakeAllThreads done
Event: 31.039 Executing VM operation: G1PauseCleanup
Event: 31.040 Executing VM operation: G1PauseCleanup done
Event: 31.578 Executing VM operation: G1CollectForAllocation
Event: 31.590 Executing VM operation: G1CollectForAllocation done
Event: 31.632 Executing VM operation: G1CollectForAllocation

Events (20 events):
Event: 29.548 Thread 0x0000019c20bc5300 flushing nmethod 0x0000019c0d964f10
Event: 29.548 Thread 0x0000019c20bc5300 flushing nmethod 0x0000019c0d969210
Event: 29.548 Thread 0x0000019c20bc5300 flushing nmethod 0x0000019c0d96bc90
Event: 29.548 Thread 0x0000019c20bc5300 flushing nmethod 0x0000019c0d96d210
Event: 29.548 Thread 0x0000019c20bc5300 flushing nmethod 0x0000019c0d97b610
Event: 29.548 Thread 0x0000019c20bc5300 flushing nmethod 0x0000019c0d985b10
Event: 29.548 Thread 0x0000019c20bc5300 flushing nmethod 0x0000019c0d989010
Event: 29.548 Thread 0x0000019c20bc5300 flushing nmethod 0x0000019c0d98c190
Event: 29.548 Thread 0x0000019c20bc5300 flushing nmethod 0x0000019c0d98df90
Event: 29.548 Thread 0x0000019c20bc5300 flushing nmethod 0x0000019c0d99e710
Event: 29.548 Thread 0x0000019c20bc5300 flushing nmethod 0x0000019c0d9b4c10
Event: 29.548 Thread 0x0000019c20bc5300 flushing nmethod 0x0000019c0d9f8090
Event: 29.548 Thread 0x0000019c20bc5300 flushing nmethod 0x0000019c0d9fa710
Event: 29.548 Thread 0x0000019c20bc5300 flushing nmethod 0x0000019c0d9fe910
Event: 29.548 Thread 0x0000019c20bc5300 flushing nmethod 0x0000019c0da06d10
Event: 29.548 Thread 0x0000019c20bc5300 flushing nmethod 0x0000019c0da52410
Event: 29.548 Thread 0x0000019c20bc5300 flushing nmethod 0x0000019c0da53d90
Event: 29.548 Thread 0x0000019c20bc5300 flushing nmethod 0x0000019c0daa6790
Event: 29.549 Thread 0x0000019c20bc5300 flushing nmethod 0x0000019c0dafe010
Event: 29.549 Thread 0x0000019c20bc5300 flushing nmethod 0x0000019c0dafe890


Dynamic libraries:
0x00007ff78b140000 - 0x00007ff78b150000 	C:\Program Files\Java\jdk-19\bin\java.exe
0x00007ffb282b0000 - 0x00007ffb284c7000 	C:\WINDOWS\SYSTEM32\ntdll.dll
0x00007ffb27420000 - 0x00007ffb274e4000 	C:\WINDOWS\System32\KERNEL32.DLL
0x00007ffb25840000 - 0x00007ffb25bf9000 	C:\WINDOWS\System32\KERNELBASE.dll
0x00007ffb25d20000 - 0x00007ffb25e31000 	C:\WINDOWS\System32\ucrtbase.dll
0x00007ffb0f370000 - 0x00007ffb0f388000 	C:\Program Files\Java\jdk-19\bin\jli.dll
0x00007ffb17b60000 - 0x00007ffb17b7b000 	C:\Program Files\Java\jdk-19\bin\VCRUNTIME140.dll
0x00007ffb275f0000 - 0x00007ffb276a2000 	C:\WINDOWS\System32\ADVAPI32.dll
0x00007ffb25fd0000 - 0x00007ffb26077000 	C:\WINDOWS\System32\msvcrt.dll
0x00007ffb279e0000 - 0x00007ffb27a87000 	C:\WINDOWS\System32\sechost.dll
0x00007ffb25c30000 - 0x00007ffb25c58000 	C:\WINDOWS\System32\bcrypt.dll
0x00007ffb262b0000 - 0x00007ffb263c4000 	C:\WINDOWS\System32\RPCRT4.dll
0x00007ffb27750000 - 0x00007ffb278fe000 	C:\WINDOWS\System32\USER32.dll
0x00007ffb25c00000 - 0x00007ffb25c26000 	C:\WINDOWS\System32\win32u.dll
0x00007ffb26670000 - 0x00007ffb26699000 	C:\WINDOWS\System32\GDI32.dll
0x00007ffb25e40000 - 0x00007ffb25f5b000 	C:\WINDOWS\System32\gdi32full.dll
0x00007ffb25630000 - 0x00007ffb256ca000 	C:\WINDOWS\System32\msvcp_win.dll
0x00007ffb0a600000 - 0x00007ffb0a892000 	C:\WINDOWS\WinSxS\amd64_microsoft.windows.common-controls_6595b64144ccf1df_6.0.22621.4391_none_2715d37f73803e96\COMCTL32.dll
0x00007ffb1c530000 - 0x00007ffb1c53a000 	C:\WINDOWS\SYSTEM32\VERSION.dll
0x00007ffb26080000 - 0x00007ffb260b1000 	C:\WINDOWS\System32\IMM32.DLL
0x00007ffb11dd0000 - 0x00007ffb11ddc000 	C:\Program Files\Java\jdk-19\bin\vcruntime140_1.dll
0x00007ffaf5230000 - 0x00007ffaf52be000 	C:\Program Files\Java\jdk-19\bin\msvcp140.dll
0x00007ffac0d10000 - 0x00007ffac19d0000 	C:\Program Files\Java\jdk-19\bin\server\jvm.dll
0x00007ffb1e080000 - 0x00007ffb1e089000 	C:\WINDOWS\SYSTEM32\WSOCK32.dll
0x00007ffb1e140000 - 0x00007ffb1e174000 	C:\WINDOWS\SYSTEM32\WINMM.dll
0x00007ffb276b0000 - 0x00007ffb27721000 	C:\WINDOWS\System32\WS2_32.dll
0x00007ffb245b0000 - 0x00007ffb245c8000 	C:\WINDOWS\SYSTEM32\kernel.appcore.dll
0x00007ffb11d30000 - 0x00007ffb11d3a000 	C:\Program Files\Java\jdk-19\bin\jimage.dll
0x00007ffb1fe40000 - 0x00007ffb20072000 	C:\WINDOWS\SYSTEM32\DBGHELP.DLL
0x00007ffb26f30000 - 0x00007ffb272bf000 	C:\WINDOWS\System32\combase.dll
0x00007ffb27900000 - 0x00007ffb279d7000 	C:\WINDOWS\System32\OLEAUT32.dll
0x00007ffb1a460000 - 0x00007ffb1a492000 	C:\WINDOWS\SYSTEM32\dbgcore.DLL
0x00007ffb255b0000 - 0x00007ffb2562b000 	C:\WINDOWS\System32\bcryptPrimitives.dll
0x00007ffb1e560000 - 0x00007ffb1e56e000 	C:\Program Files\Java\jdk-19\bin\instrument.dll
0x00007ffb0f340000 - 0x00007ffb0f366000 	C:\Program Files\Java\jdk-19\bin\java.dll
0x00007ffadda90000 - 0x00007ffaddb67000 	C:\Program Files\Java\jdk-19\bin\jsvml.dll
0x00007ffb266a0000 - 0x00007ffb26f16000 	C:\WINDOWS\System32\SHELL32.dll
0x00007ffb234a0000 - 0x00007ffb23da3000 	C:\WINDOWS\SYSTEM32\windows.storage.dll
0x00007ffb23360000 - 0x00007ffb2349f000 	C:\WINDOWS\SYSTEM32\wintypes.dll
0x00007ffb28160000 - 0x00007ffb28259000 	C:\WINDOWS\System32\SHCORE.dll
0x00007ffb26200000 - 0x00007ffb2625e000 	C:\WINDOWS\System32\shlwapi.dll
0x00007ffb254e0000 - 0x00007ffb2550b000 	C:\WINDOWS\SYSTEM32\profapi.dll
0x00007ffaf9230000 - 0x00007ffaf9248000 	C:\Program Files\Java\jdk-19\bin\zip.dll
0x00007ffafa160000 - 0x00007ffafa173000 	C:\Program Files\Java\jdk-19\bin\net.dll
0x00007ffb1c170000 - 0x00007ffb1c2a6000 	C:\WINDOWS\SYSTEM32\WINHTTP.dll
0x00007ffb24a20000 - 0x00007ffb24a89000 	C:\WINDOWS\system32\mswsock.dll
0x00007ffaf9930000 - 0x00007ffaf9946000 	C:\Program Files\Java\jdk-19\bin\nio.dll
0x00007ffb11ee0000 - 0x00007ffb11efa000 	E:\New folder\IntelliJ IDEA Community Edition 2023.1\bin\breakgen64.dll
0x00007ffb119b0000 - 0x00007ffb119b8000 	C:\Program Files\Java\jdk-19\bin\extnet.dll
0x00007ffb0f950000 - 0x00007ffb0f95e000 	C:\Program Files\Java\jdk-19\bin\sunmscapi.dll
0x00007ffb256d0000 - 0x00007ffb25836000 	C:\WINDOWS\System32\CRYPT32.dll
0x00007ffb24e80000 - 0x00007ffb24ead000 	C:\WINDOWS\SYSTEM32\ncrypt.dll
0x00007ffb24e40000 - 0x00007ffb24e77000 	C:\WINDOWS\SYSTEM32\NTASN1.dll
0x00007ffb24c50000 - 0x00007ffb24c6b000 	C:\WINDOWS\SYSTEM32\CRYPTSP.dll
0x00007ffb24510000 - 0x00007ffb24545000 	C:\WINDOWS\system32\rsaenh.dll
0x00007ffb24ad0000 - 0x00007ffb24af8000 	C:\WINDOWS\SYSTEM32\USERENV.dll
0x00007ffb24c70000 - 0x00007ffb24c7c000 	C:\WINDOWS\SYSTEM32\CRYPTBASE.dll
0x00007ffb24010000 - 0x00007ffb2403d000 	C:\WINDOWS\SYSTEM32\IPHLPAPI.DLL
0x00007ffb26190000 - 0x00007ffb26199000 	C:\WINDOWS\System32\NSI.dll
0x00007ffb1c380000 - 0x00007ffb1c399000 	C:\WINDOWS\SYSTEM32\dhcpcsvc6.DLL
0x00007ffb1c150000 - 0x00007ffb1c16f000 	C:\WINDOWS\SYSTEM32\dhcpcsvc.DLL
0x00007ffb24080000 - 0x00007ffb24182000 	C:\WINDOWS\SYSTEM32\DNSAPI.dll
0x00007ffb11ed0000 - 0x00007ffb11eda000 	C:\Program Files\Java\jdk-19\bin\management.dll
0x00007ffb11ec0000 - 0x00007ffb11ecb000 	C:\Program Files\Java\jdk-19\bin\management_ext.dll
0x00007ffb28260000 - 0x00007ffb28268000 	C:\WINDOWS\System32\PSAPI.DLL
0x00007ffb102b0000 - 0x00007ffb102c0000 	C:\Program Files\Java\jdk-19\bin\verify.dll
0x00007ffb12ae0000 - 0x00007ffb12aea000 	C:\Windows\System32\rasadhlp.dll
0x00007ffb1bbd0000 - 0x00007ffb1bc53000 	C:\WINDOWS\System32\fwpuclnt.dll

dbghelp: loaded successfully - version: 4.0.5 - missing functions: none
symbol engine: initialized successfully - sym options: 0x614 - pdb path: .;C:\Program Files\Java\jdk-19\bin;C:\WINDOWS\SYSTEM32;C:\WINDOWS\WinSxS\amd64_microsoft.windows.common-controls_6595b64144ccf1df_6.0.22621.4391_none_2715d37f73803e96;C:\Program Files\Java\jdk-19\bin\server;E:\New folder\IntelliJ IDEA Community Edition 2023.1\bin

VM Arguments:
jvm_args: -javaagent:E:\New folder\IntelliJ IDEA Community Edition 2023.1\lib\idea_rt.jar=57845:E:\New folder\IntelliJ IDEA Community Edition 2023.1\bin -Dfile.encoding=UTF-8 -Dsun.stdout.encoding=UTF-8 -Dsun.stderr.encoding=UTF-8 
java_command: com.example.greenproject.GreenProjectApplication
java_class_path (initial): C:\Users\Admin\Desktop\New folder\GreenProject\target\classes;C:\Users\Admin\.m2\repository\org\springframework\boot\spring-boot-starter-data-jpa\3.3.2\spring-boot-starter-data-jpa-3.3.2.jar;C:\Users\Admin\.m2\repository\org\springframework\boot\spring-boot-starter-aop\3.3.2\spring-boot-starter-aop-3.3.2.jar;C:\Users\Admin\.m2\repository\org\aspectj\aspectjweaver\1.9.22.1\aspectjweaver-1.9.22.1.jar;C:\Users\Admin\.m2\repository\org\springframework\boot\spring-boot-starter-jdbc\3.3.2\spring-boot-starter-jdbc-3.3.2.jar;C:\Users\Admin\.m2\repository\com\zaxxer\HikariCP\5.1.0\HikariCP-5.1.0.jar;C:\Users\Admin\.m2\repository\org\springframework\spring-jdbc\6.1.11\spring-jdbc-6.1.11.jar;C:\Users\Admin\.m2\repository\org\hibernate\orm\hibernate-core\6.5.2.Final\hibernate-core-6.5.2.Final.jar;C:\Users\Admin\.m2\repository\jakarta\persistence\jakarta.persistence-api\3.1.0\jakarta.persistence-api-3.1.0.jar;C:\Users\Admin\.m2\repository\jakarta\transaction\jakarta.transaction-api\2.0.1\jakarta.transaction-api-2.0.1.jar;C:\Users\Admin\.m2\repository\org\jboss\logging\jboss-logging\3.5.3.Final\jboss-logging-3.5.3.Final.jar;C:\Users\Admin\.m2\repository\org\hibernate\common\hibernate-commons-annotations\6.0.6.Final\hibernate-commons-annotations-6.0.6.Final.jar;C:\Users\Admin\.m2\repository\io\smallrye\jandex\3.1.2\jandex-3.1.2.jar;C:\Users\Admin\.m2\repository\com\fasterxml\classmate\1.7.0\classmate-1.7.0.jar;C:\Users\Admin\.m2\repository\net\bytebuddy\byte-buddy\1.14.18\byte-buddy-1.14.18.jar;C:\Users\Admin\.m2\repository\org\glassfish\jaxb\jaxb-runtime\4.0.5\jaxb-runtime-4.0.5.jar;C:\Users\Admin\.m2\repository\org\glassfish\jaxb\jaxb-core\4.0.5\jaxb-core-4.0.5.jar;C:\Users\Admin\.m2\repository\org\glassfish\jaxb\txw2\4.0.5\txw2-4.0.5.jar;C:\Users\Admin\.m2\repository\com\sun\istack\istack-commons-runtime\4.1.2\istack-commons-runtime-4.1.2.jar;C:\Users\Admin\.m2\repository\jakarta\inject\jakarta.inject-api\2.0.1\jakarta.inject-api-2.0.1.jar;C:\Users\Admin\.m2\repository\org\antlr\antlr4-runtime\4.13.0\antlr4-runtime-4.13.0.jar;C:\Users\Admin\.m2\repository\org\springframework\data\spring-data-jpa\3.3.2\spring-data-jpa-3.3.2.jar;C:\Users\Admin\.m2\repository\org\springframework\data\spring-data-commons\3.3.2\spring-data-commons-3.3.2.jar;C:\Users\Admin\.m2\repository\org\springframework\spring-orm\6.1.11\spring-orm-6.1.11.jar;C:\Users\Admin\.m2\repository\org\springframework\spring-context\6.1.11\spring-context-6.1.11.jar;C:\Users\Admin\.m2\repository\org\springframework\spring-tx\6.1.11\spring-tx-6.1.11.jar;C:\Users\Admin\.m2\repository\org\springframework\spring-beans\6.1.11\spring-beans-6.1.11.jar;C:\Users\Admin\.m2\repository\jakarta\annotation\jakarta.annotation-api\2.1.1\jakarta.annotation-api-2.1.1.jar;C:\Users\Admin\.m2\repository\org\slf4j\slf4j-api\2.0.13\slf4j-api-2.0.13.jar;C:\Users\Admin\.m2\repository\org\springframework\spring-aspects\6.1.11\spring-aspects-6.1.11.jar;C:\Users\Admin\.m2\repository\org\springframework\security\spring-security-oauth2-jose\6.3.1\spring-security-oauth2-jose-6.3.1.jar;C:\Users\Admin\.m2\repository\org\springframework\security\spring-security-core\6.3.1\spring-security-core-6.3.1.jar;C:\Users\Admin\.m2\repository\org\springframework\security\spring-security-crypto\6.3.1\spring-security-crypto-6.3.1.jar;C:\Users\Admin\.m2\repository\org\springframework\spring-expression\6.1.11\spring-expression-6.1.11.jar;C:\Users\Admin\.m2\repository\io\micrometer\micrometer-observation\1.13.2\micrometer-observation-1.13.2.jar;C:\Users\Admin\.m2\repository\io\micrometer\micrometer-commons\1.13.2\micrometer-commons-1.13.2.jar;C:\Users\Admin\.m2\repository\org\springframework\security\spring-security-oauth2-core\6.3.1\spring-security-oauth2-core-6.3.1.jar;C:\Users\Admin\.m2\repository\org\springframework\spring-core\6.1.11\spring-core-6.1.11.jar;C:\Users\Admin\.m2\repository\org\springframework\spring-jcl\6.1.11\spring-jcl-6.1.11.jar;C:\Users\Admin\.m2\repository\com\nimbusds\nimbus-jose-jwt\9.37.3\nimbus-jose-jwt-9.37.3.jar;C:\Users\Admin\.m2\repository\com\github\stephenc\jcip\jcip-annotations\1.0-1\jcip-annotations-1.0-1.jar;C:\Users\Admin\.m2\repository\org\springframework\boot\spring-boot-starter-security\3.3.2\spring-boot-starter-security-3.3.2.jar;C:\Users\Admin\.m2\repository\org\springframework\boot\spring-boot-starter\3.3.2\spring-boot-starter-3.3.2.jar;C:\Users\Admin\.m2\repository\org\springframework\boot\spring-boot\3.3.2\spring-boot-3.3.2.jar;C:\Users\Admin\.m2\repository\org\springframework\boot\spring-boot-autoconfigure\3.3.2\spring-boot-autoconfigure-3.3.2.jar;C:\Users\Admin\.m2\repository\org\springframework\boot\spring-boot-starter-logging\3.3.2\spring-boot-starter-logging-3.3.2.jar;C:\Users\Admin\.m2\repository\ch\qos\logback\logback-classic\1.5.6\logback-classic-1.5.6.jar;C:\Users\Admin\.m2\repository\ch\qos\logback\logback-core\1.5.6\logback-core-1.5.6.jar;C:\Users\Admin\.m2\repository\org\apache\logging\log4j\log4j-to-slf4j\2.23.1\log4j-to-slf4j-2.23.1.jar;C:\Users\Admin\.m2\repository\org\apache\logging\log4j\log4j-api\2.23.1\log4j-api-2.23.1.jar;C:\Users\Admin\.m2\repository\org\slf4j\jul-to-slf4j\2.0.13\jul-to-slf4j-2.0.13.jar;C:\Users\Admin\.m2\repository\org\yaml\snakeyaml\2.2\snakeyaml-2.2.jar;C:\Users\Admin\.m2\repository\org\springframework\spring-aop\6.1.11\spring-aop-6.1.11.jar;C:\Users\Admin\.m2\repository\org\springframework\security\spring-security-config\6.3.1\spring-security-config-6.3.1.jar;C:\Users\Admin\.m2\repository\org\springframework\security\spring-security-web\6.3.1\spring-security-web-6.3.1.jar;C:\Users\Admin\.m2\repository\org\springframework\boot\spring-boot-starter-validation\3.3.2\spring-boot-starter-validation-3.3.2.jar;C:\Users\Admin\.m2\repository\org\apache\tomcat\embed\tomcat-embed-el\10.1.26\tomcat-embed-el-10.1.26.jar;C:\Users\Admin\.m2\repository\org\hibernate\validator\hibernate-validator\8.0.1.Final\hibernate-validator-8.0.1.Final.jar;C:\Users\Admin\.m2\repository\jakarta\validation\jakarta.validation-api\3.0.2\jakarta.validation-api-3.0.2.jar;C:\Users\Admin\.m2\repository\org\springframework\boot\spring-boot-starter-web\3.3.2\spring-boot-starter-web-3.3.2.jar;C:\Users\Admin\.m2\repository\org\springframework\boot\spring-boot-starter-json\3.3.2\spring-boot-starter-json-3.3.2.jar;C:\Users\Admin\.m2\repository\com\fasterxml\jackson\datatype\jackson-datatype-jdk8\2.17.2\jackson-datatype-jdk8-2.17.2.jar;C:\Users\Admin\.m2\repository\com\fasterxml\jackson\datatype\jackson-datatype-jsr310\2.17.2\jackson-datatype-jsr310-2.17.2.jar;C:\Users\Admin\.m2\repository\com\fasterxml\jackson\module\jackson-module-parameter-names\2.17.2\jackson-module-parameter-names-2.17.2.jar;C:\Users\Admin\.m2\repository\org\springframework\boot\spring-boot-starter-tomcat\3.3.2\spring-boot-starter-tomcat-3.3.2.jar;C:\Users\Admin\.m2\repository\org\apache\tomcat\embed\tomcat-embed-core\10.1.26\tomcat-embed-core-10.1.26.jar;C:\Users\Admin\.m2\repository\org\apache\tomcat\embed\tomcat-embed-websocket\10.1.26\tomcat-embed-websocket-10.1.26.jar;C:\Users\Admin\.m2\repository\org\springframework\spring-web\6.1.11\spring-web-6.1.11.jar;C:\Users\Admin\.m2\repository\org\springframework\spring-webmvc\6.1.11\spring-webmvc-6.1.11.jar;C:\Users\Admin\.m2\repository\org\springframework\boot\spring-boot-starter-mail\3.1.5\spring-boot-starter-mail-3.1.5.jar;C:\Users\Admin\.m2\repository\org\springframework\spring-context-support\6.1.11\spring-context-support-6.1.11.jar;C:\Users\Admin\.m2\repository\org\eclipse\angus\jakarta.mail\2.0.3\jakarta.mail-2.0.3.jar;C:\Users\Admin\.m2\repository\jakarta\activation\jakarta.activation-api\2.1.3\jakarta.activation-api-2.1.3.jar;C:\Users\Admin\.m2\repository\org\eclipse\angus\angus-activation\2.0.2\angus-activation-2.0.2.jar;C:\Users\Admin\.m2\repository\com\mysql\mysql-connector-j\8.3.0\mysql-connector-j-8.3.0.jar;C:\Users\Admin\.m2\repository\org\projectlombok\lombok\1.18.34\lombok-1.18.34.jar;C:\Users\Admin\.m2\repository\jakarta\xml\bind\jakarta.xml.bind-api\4.0.2\jakarta.xml.bind-api-4.0.2.jar;C:\Users\Admin\.m2\repository\net\minidev\json-smart\2.5.1\json-smart-2.5.1.jar;C:\Users\Admin\.m2\repository\net\minidev\accessors-smart\2.5.1\accessors-smart-2.5.1.jar;C:\Users\Admin\.m2\repository\org\ow2\asm\asm\9.6\asm-9.6.jar;C:\Users\Admin\.m2\repository\com\cloudinary\cloudinary-http44\1.36.0\cloudinary-http44-1.36.0.jar;C:\Users\Admin\.m2\repository\com\cloudinary\cloudinary-core\1.36.0\cloudinary-core-1.36.0.jar;C:\Users\Admin\.m2\repository\org\apache\commons\commons-lang3\3.14.0\commons-lang3-3.14.0.jar;C:\Users\Admin\.m2\repository\org\apache\httpcomponents\httpclient\4.4\httpclient-4.4.jar;C:\Users\Admin\.m2\repository\org\apache\httpcomponents\httpcore\4.4.16\httpcore-4.4.16.jar;C:\Users\Admin\.m2\repository\commons-logging\commons-logging\1.2\commons-logging-1.2.jar;C:\Users\Admin\.m2\repository\commons-codec\commons-codec\1.16.1\commons-codec-1.16.1.jar;C:\Users\Admin\.m2\repository\org\apache\httpcomponents\httpmime\4.4\httpmime-4.4.jar;C:\Users\Admin\.m2\repository\com\auth0\java-jwt\4.4.0\java-jwt-4.4.0.jar;C:\Users\Admin\.m2\repository\com\fasterxml\jackson\core\jackson-databind\2.17.2\jackson-databind-2.17.2.jar;C:\Users\Admin\.m2\repository\com\fasterxml\jackson\core\jackson-annotations\2.17.2\jackson-annotations-2.17.2.jar;C:\Users\Admin\.m2\repository\com\fasterxml\jackson\core\jackson-core\2.17.2\jackson-core-2.17.2.jar;C:\Users\Admin\.m2\repository\com\cloudinary\cloudinary-taglib\1.36.0\cloudinary-taglib-1.36.0.jar;C:\Users\Admin\.m2\repository\javax\servlet\jsp-api\2.0\jsp-api-2.0.jar;C:\Users\Admin\.m2\repository\javax\servlet\servlet-api\2.4\servlet-api-2.4.jar;C:\Users\Admin\.m2\repository\io\github\cdimascio\dotenv-java\2.2.4\dotenv-java-2.2.4.jar;C:\Users\Admin\.m2\repository\org\springframework\security\spring-security-oauth2-client\6.3.1\spring-security-oauth2-client-6.3.1.jar;C:\Users\Admin\.m2\repository\com\nimbusds\oauth2-oidc-sdk\9.43.4\oauth2-oidc-sdk-9.43.4.jar;C:\Users\Admin\.m2\repository\com\nimbusds\content-type\2.2\content-type-2.2.jar;C:\Users\Admin\.m2\repository\com\nimbusds\lang-tag\1.7\lang-tag-1.7.jar;C:\Users\Admin\.m2\repository\org\springframework\boot\spring-boot-starter-data-redis\3.3.2\spring-boot-starter-data-redis-3.3.2.jar;C:\Users\Admin\.m2\repository\io\lettuce\lettuce-core\6.3.2.RELEASE\lettuce-core-6.3.2.RELEASE.jar;C:\Users\Admin\.m2\repository\io\netty\netty-common\4.1.111.Final\netty-common-4.1.111.Final.jar;C:\Users\Admin\.m2\repository\io\netty\netty-handler\4.1.111.Final\netty-handler-4.1.111.Final.jar;C:\Users\Admin\.m2\repository\io\netty\netty-resolver\4.1.111.Final\netty-resolver-4.1.111.Final.jar;C:\Users\Admin\.m2\repository\io\netty\netty-buffer\4.1.111.Final\netty-buffer-4.1.111.Final.jar;C:\Users\Admin\.m2\repository\io\netty\netty-transport-native-unix-common\4.1.111.Final\netty-transport-native-unix-common-4.1.111.Final.jar;C:\Users\Admin\.m2\repository\io\netty\netty-codec\4.1.111.Final\netty-codec-4.1.111.Final.jar;C:\Users\Admin\.m2\repository\io\netty\netty-transport\4.1.111.Final\netty-transport-4.1.111.Final.jar;C:\Users\Admin\.m2\repository\io\projectreactor\reactor-core\3.6.8\reactor-core-3.6.8.jar;C:\Users\Admin\.m2\repository\org\reactivestreams\reactive-streams\1.0.4\reactive-streams-1.0.4.jar;C:\Users\Admin\.m2\repository\org\springframework\data\spring-data-redis\3.3.2\spring-data-redis-3.3.2.jar;C:\Users\Admin\.m2\repository\org\springframework\data\spring-data-keyvalue\3.3.2\spring-data-keyvalue-3.3.2.jar;C:\Users\Admin\.m2\repository\org\springframework\spring-oxm\6.1.11\spring-oxm-6.1.11.jar;C:\Users\Admin\.m2\repository\org\springframework\boot\spring-boot-starter-amqp\3.3.2\spring-boot-starter-amqp-3.3.2.jar;C:\Users\Admin\.m2\repository\org\springframework\spring-messaging\6.1.11\spring-messaging-6.1.11.jar;C:\Users\Admin\.m2\repository\org\springframework\amqp\spring-rabbit\3.1.6\spring-rabbit-3.1.6.jar;C:\Users\Admin\.m2\repository\org\springframework\amqp\spring-amqp\3.1.6\spring-amqp-3.1.6.jar;C:\Users\Admin\.m2\repository\org\springframework\retry\spring-retry\2.0.7\spring-retry-2.0.7.jar;C:\Users\Admin\.m2\repository\com\rabbitmq\amqp-client\5.21.0\amqp-client-5.21.0.jar;C:\Users\Admin\.m2\repository\org\springframework\boot\spring-boot-starter-websocket\3.3.2\spring-boot-starter-websocket-3.3.2.jar;C:\Users\Admin\.m2\repository\org\springframework\spring-websocket\6.1.11\spring-websocket-6.1.11.jar
Launcher Type: SUN_STANDARD

[Global flags]
     intx CICompilerCount                          = 3                                         {product} {ergonomic}
     uint ConcGCThreads                            = 1                                         {product} {ergonomic}
     uint G1ConcRefinementThreads                  = 4                                         {product} {ergonomic}
   size_t G1HeapRegionSize                         = 1048576                                   {product} {ergonomic}
    uintx GCDrainStackTargetSize                   = 64                                        {product} {ergonomic}
   size_t InitialHeapSize                          = 65011712                                  {product} {ergonomic}
   size_t MarkStackSize                            = 4194304                                   {product} {ergonomic}
   size_t MaxHeapSize                              = 1029701632                                {product} {ergonomic}
   size_t MaxNewSize                               = 617611264                                 {product} {ergonomic}
   size_t MinHeapDeltaBytes                        = 1048576                                   {product} {ergonomic}
   size_t MinHeapSize                              = 8388608                                   {product} {ergonomic}
    uintx NonNMethodCodeHeapSize                   = 5832780                                {pd product} {ergonomic}
    uintx NonProfiledCodeHeapSize                  = 122912730                              {pd product} {ergonomic}
    uintx ProfiledCodeHeapSize                     = 122912730                              {pd product} {ergonomic}
    uintx ReservedCodeCacheSize                    = 251658240                              {pd product} {ergonomic}
     bool SegmentedCodeCache                       = true                                      {product} {ergonomic}
   size_t SoftMaxHeapSize                          = 1029701632                             {manageable} {ergonomic}
     bool UseCompressedClassPointers               = true                           {product lp64_product} {ergonomic}
     bool UseCompressedOops                        = true                           {product lp64_product} {ergonomic}
     bool UseG1GC                                  = true                                      {product} {ergonomic}
     bool UseLargePagesIndividualAllocation        = false                                  {pd product} {ergonomic}

Logging:
Log output configuration:
 #0: stdout all=warning uptime,level,tags foldmultilines=false
 #1: stderr all=off uptime,level,tags foldmultilines=false

Environment Variables:
JAVA_HOME=C:\Program Files\Java\jdk-17
PATH=C:\Program Files (x86)\NVIDIA Corporation\PhysX\Common;C:\Python311\Scripts\;C:\Python311\;C:\Program Files\Common Files\Oracle\Java\javapath;C:\WINDOWS\system32;C:\WINDOWS;C:\WINDOWS\System32\Wbem;C:\WINDOWS\System32\WindowsPowerShell\v1.0\;C:\WINDOWS\System32\OpenSSH\;C:\Program Files (x86)\Intel\Intel(R) Management Engine Components\DAL;C:\Program Files\Intel\Intel(R) Management Engine Components\DAL;C:\ProgramData\chocolatey\bin;C:\Program Files (x86)\Microsoft SQL Server\160\Tools\Binn\;C:\Program Files\Microsoft SQL Server\160\Tools\Binn\;C:\Program Files\Microsoft SQL Server\Client SDK\ODBC\170\Tools\Binn\;C:\Program Files\Microsoft SQL Server\160\DTS\Binn\;C:\Program Files\Git\cmd;E:\Vmware\;E:\nodejs;C:\Program Files\Java\jdk-17\bin;C:\Program Files\MySQL\MySQL Shell 8.0\bin\;C:\Program Files\Java\jdk-19\bin;C:\Program Files\JetBrains\PyCharm Community Edition 2022.2\bin;;C:\Program Files\Azure Data Studio\bin;E:\New folder\IntelliJ IDEA Community Edition 2023.1\bin;;C:\Users\Admin\sqlite-tools-win32-x86-3420000;E:\IntelliJ IDEA 2023.2.5\bin;;C:\Users\Admin\AppData\Roaming\npm;E:\Microsoft VS Coder\bin
USERNAME=Admin
OS=Windows_NT
PROCESSOR_IDENTIFIER=Intel64 Family 6 Model 142 Stepping 12, GenuineIntel
TMP=C:\Users\Admin\AppData\Local\Temp
TEMP=C:\Users\Admin\AppData\Local\Temp



---------------  S Y S T E M  ---------------

OS:
 Windows 11 , 64 bit Build 22621 (10.0.22621.4391)
OS uptime: 2 days 15:20 hours
Hyper-V role detected

CPU: total 4 (initial active 4) (2 cores per cpu, 2 threads per core) family 6 model 142 stepping 12 microcode 0xde, cx8, cmov, fxsr, ht, mmx, 3dnowpref, sse, sse2, sse3, ssse3, sse4.1, sse4.2, popcnt, lzcnt, tsc, tscinvbit, avx, avx2, aes, erms, clmul, bmi1, bmi2, adx, fma, vzeroupper, clflush, clflushopt, hv, rdtscp

Memory: 4k page, system-wide physical 3927M (509M free)
TotalPageFile size 10950M (AvailPageFile size 94M)
current process WorkingSet (physical memory assigned to process): 309M, peak: 309M
current process commit charge ("private bytes"): 375M, peak: 500M

vm_info: Java HotSpot(TM) 64-Bit Server VM (19.0.2+7-44) for windows-amd64 JRE (19.0.2+7-44), built on 2022-11-30T18:02:09Z by "mach5one" with MS VC++ 17.1 (VS2022)

END.
